# JRE version: OpenJDK Runtime Environment (8.0_202) (build 1.8.0_202-release-1483-b49-5587405)
# Java VM: OpenJDK 64-Bit Server VM (25.202-b49-5587405 mixed mode linux-amd64 compressed oops)
Heap:
 PSYoungGen      total 183808K, used 10220K [0x00000000e0000000, 0x00000000ec500000, 0x0000000100000000)
  eden space 173568K, 0% used [0x00000000e0000000,0x00000000e0000000,0x00000000ea980000)
  from space 10240K, 99% used [0x00000000eb100000,0x00000000ebafb098,0x00000000ebb00000)
  to   space 8192K, 0% used [0x00000000ebd00000,0x00000000ebd00000,0x00000000ec500000)
 ParOldGen       total 27136K, used 11148K [0x00000000a0000000, 0x00000000a1a80000, 0x00000000e0000000)
  object space 27136K, 41% used [0x00000000a0000000,0x00000000a0ae33e0,0x00000000a1a80000)
 Metaspace       used 34469K, capacity 35416K, committed 35496K, reserved 1079296K
  class space    used 4758K, capacity 4994K, committed 5032K, reserved 1048576K
GC Heap History (10 events):
Event: 14.695 GC heap after
Heap after GC invocations=5 (full 0):
 PSYoungGen      total 48640K, used 1520K [0x00000000e0000000, 0x00000000e6a00000, 0x0000000100000000)
  eden space 47104K, 0% used [0x00000000e0000000,0x00000000e0000000,0x00000000e2e00000)
  from space 1536K, 98% used [0x00000000e2e00000,0x00000000e2f7c020,0x00000000e2f80000)
  to   space 7168K, 0% used [0x00000000e6300000,0x00000000e6300000,0x00000000e6a00000)
 ParOldGen       total 30208K, used 11233K [0x00000000a0000000, 0x00000000a1d80000, 0x00000000e0000000)
  object space 30208K, 37% used [0x00000000a0000000,0x00000000a0af8460,0x00000000a1d80000)
 Metaspace       used 15055K, capacity 15502K, committed 15616K, reserved 1062912K
  class space    used 2133K, capacity 2295K, committed 2304K, reserved 1048576K
}
Event: 20.289 GC heap before
{Heap before GC invocations=6 (full 0):
 PSYoungGen      total 48640K, used 48624K [0x00000000e0000000, 0x00000000e6a00000, 0x0000000100000000)
  eden space 47104K, 100% used [0x00000000e0000000,0x00000000e2e00000,0x00000000e2e00000)
  from space 1536K, 98% used [0x00000000e2e00000,0x00000000e2f7c020,0x00000000e2f80000)
  to   space 7168K, 0% used [0x00000000e6300000,0x00000000e6300000,0x00000000e6a00000)
 ParOldGen       total 30208K, used 11233K [0x00000000a0000000, 0x00000000a1d80000, 0x00000000e0000000)
  object space 30208K, 37% used [0x00000000a0000000,0x00000000a0af8460,0x00000000a1d80000)
 Metaspace       used 19587K, capacity 20054K, committed 20224K, reserved 1067008K
  class space    used 2847K, capacity 3028K, committed 3072K, reserved 1048576K
Event: 20.398 GC heap after
Heap after GC invocations=6 (full 0):
 PSYoungGen      total 99840K, used 7138K [0x00000000e0000000, 0x00000000e6d00000, 0x0000000100000000)
  eden space 92672K, 0% used [0x00000000e0000000,0x00000000e0000000,0x00000000e5a80000)
  from space 7168K, 99% used [0x00000000e6300000,0x00000000e69f88b0,0x00000000e6a00000)
  to   space 8704K, 0% used [0x00000000e5a80000,0x00000000e5a80000,0x00000000e6300000)
 ParOldGen       total 30208K, used 11352K [0x00000000a0000000, 0x00000000a1d80000, 0x00000000e0000000)
  object space 30208K, 37% used [0x00000000a0000000,0x00000000a0b163d8,0x00000000a1d80000)
 Metaspace       used 19587K, capacity 20054K, committed 20224K, reserved 1067008K
  class space    used 2847K, capacity 3028K, committed 3072K, reserved 1048576K
}
Event: 20.925 GC heap before
{Heap before GC invocations=7 (full 0):
 PSYoungGen      total 99840K, used 17585K [0x00000000e0000000, 0x00000000e6d00000, 0x0000000100000000)
  eden space 92672K, 11% used [0x00000000e0000000,0x00000000e0a33c30,0x00000000e5a80000)
  from space 7168K, 99% used [0x00000000e6300000,0x00000000e69f88b0,0x00000000e6a00000)
  to   space 8704K, 0% used [0x00000000e5a80000,0x00000000e5a80000,0x00000000e6300000)
 ParOldGen       total 30208K, used 11352K [0x00000000a0000000, 0x00000000a1d80000, 0x00000000e0000000)
  object space 30208K, 37% used [0x00000000a0000000,0x00000000a0b163d8,0x00000000a1d80000)
 Metaspace       used 20728K, capacity 21174K, committed 21296K, reserved 1067008K
  class space    used 2961K, capacity 3124K, committed 3200K, reserved 1048576K
Event: 20.956 GC heap after
Heap after GC invocations=7 (full 0):
 PSYoungGen      total 101376K, used 4154K [0x00000000e0000000, 0x00000000ec500000, 0x0000000100000000)
  eden space 92672K, 0% used [0x00000000e0000000,0x00000000e0000000,0x00000000e5a80000)
  from space 8704K, 47% used [0x00000000e5a80000,0x00000000e5e8eaa0,0x00000000e6300000)
  to   space 8192K, 0% used [0x00000000ebd00000,0x00000000ebd00000,0x00000000ec500000)
 ParOldGen       total 30208K, used 11882K [0x00000000a0000000, 0x00000000a1d80000, 0x00000000e0000000)
  object space 30208K, 39% used [0x00000000a0000000,0x00000000a0b9a820,0x00000000a1d80000)
 Metaspace       used 20728K, capacity 21174K, committed 21296K, reserved 1067008K
  class space    used 2961K, capacity 3124K, committed 3200K, reserved 1048576K
}
Event: 20.956 GC heap before
{Heap before GC invocations=8 (full 1):
 PSYoungGen      total 101376K, used 4154K [0x00000000e0000000, 0x00000000ec500000, 0x0000000100000000)
  eden space 92672K, 0% used [0x00000000e0000000,0x00000000e0000000,0x00000000e5a80000)
  from space 8704K, 47% used [0x00000000e5a80000,0x00000000e5e8eaa0,0x00000000e6300000)
  to   space 8192K, 0% used [0x00000000ebd00000,0x00000000ebd00000,0x00000000ec500000)
 ParOldGen       total 30208K, used 11882K [0x00000000a0000000, 0x00000000a1d80000, 0x00000000e0000000)
  object space 30208K, 39% used [0x00000000a0000000,0x00000000a0b9a820,0x00000000a1d80000)
 Metaspace       used 20728K, capacity 21174K, committed 21296K, reserved 1067008K
  class space    used 2961K, capacity 3124K, committed 3200K, reserved 1048576K
Event: 21.053 GC heap after
Heap after GC invocations=8 (full 1):
 PSYoungGen      total 101376K, used 0K [0x00000000e0000000, 0x00000000ec500000, 0x0000000100000000)
  eden space 92672K, 0% used [0x00000000e0000000,0x00000000e0000000,0x00000000e5a80000)
  from space 8704K, 0% used [0x00000000e5a80000,0x00000000e5a80000,0x00000000e6300000)
  to   space 8192K, 0% used [0x00000000ebd00000,0x00000000ebd00000,0x00000000ec500000)
 ParOldGen       total 27136K, used 7841K [0x00000000a0000000, 0x00000000a1a80000, 0x00000000e0000000)
  object space 27136K, 28% used [0x00000000a0000000,0x00000000a07a8798,0x00000000a1a80000)
 Metaspace       used 20728K, capacity 21174K, committed 21296K, reserved 1067008K
  class space    used 2961K, capacity 3124K, committed 3200K, reserved 1048576K
}
Event: 27.104 GC heap before
{Heap before GC invocations=9 (full 1):
 PSYoungGen      total 101376K, used 92672K [0x00000000e0000000, 0x00000000ec500000, 0x0000000100000000)
  eden space 92672K, 100% used [0x00000000e0000000,0x00000000e5a80000,0x00000000e5a80000)
  from space 8704K, 0% used [0x00000000e5a80000,0x00000000e5a80000,0x00000000e6300000)
  to   space 8192K, 0% used [0x00000000ebd00000,0x00000000ebd00000,0x00000000ec500000)
 ParOldGen       total 27136K, used 7841K [0x00000000a0000000, 0x00000000a1a80000, 0x00000000e0000000)
  object space 27136K, 28% used [0x00000000a0000000,0x00000000a07a8798,0x00000000a1a80000)
 Metaspace       used 29905K, capacity 30458K, committed 30720K, reserved 1075200K
  class space    used 4160K, capacity 4334K, committed 4352K, reserved 1048576K
Event: 27.323 GC heap after
Heap after GC invocations=9 (full 1):
 PSYoungGen      total 181760K, used 8185K [0x00000000e0000000, 0x00000000ec500000, 0x0000000100000000)
  eden space 173568K, 0% used [0x00000000e0000000,0x00000000e0000000,0x00000000ea980000)
  from space 8192K, 99% used [0x00000000ebd00000,0x00000000ec4fe540,0x00000000ec500000)
  to   space 10240K, 0% used [0x00000000eb100000,0x00000000eb100000,0x00000000ebb00000)
 ParOldGen       total 27136K, used 9387K [0x00000000a0000000, 0x00000000a1a80000, 0x00000000e0000000)
  object space 27136K, 34% used [0x00000000a0000000,0x00000000a092ae10,0x00000000a1a80000)
 Metaspace       used 29905K, capacity 30458K, committed 30720K, reserved 1075200K
  class space    used 4160K, capacity 4334K, committed 4352K, reserved 1048576K
}
Event: 32.863 GC heap before
{Heap before GC invocations=10 (full 1):
 PSYoungGen      total 181760K, used 98287K [0x00000000e0000000, 0x00000000ec500000, 0x0000000100000000)
  eden space 173568K, 51% used [0x00000000e0000000,0x00000000e57fda00,0x00000000ea980000)
  from space 8192K, 99% used [0x00000000ebd00000,0x00000000ec4fe540,0x00000000ec500000)
  to   space 10240K, 0% used [0x00000000eb100000,0x00000000eb100000,0x00000000ebb00000)
 ParOldGen       total 27136K, used 9387K [0x00000000a0000000, 0x00000000a1a80000, 0x00000000e0000000)
  object space 27136K, 34% used [0x00000000a0000000,0x00000000a092ae10,0x00000000a1a80000)
 Metaspace       used 34469K, capacity 35416K, committed 35496K, reserved 1079296K
  class space    used 4758K, capacity 4994K, committed 5032K, reserved 1048576K

