# JRE version: OpenJDK Runtime Environment (8.0_202) (build 1.8.0_202-release-1483-b49-5587405)
# Java VM: OpenJDK 64-Bit Server VM (25.202-b49-5587405 mixed mode linux-amd64 compressed oops)
Heap:
 PSYoungGen      total 370176K, used 8528K [0x00000000e0000000, 0x00000000f8480000, 0x0000000100000000)
  eden space 342528K, 0% used [0x00000000e0000000,0x00000000e0000000,0x00000000f4e80000)
  from space 27648K, 30% used [0x00000000f4e80000,0x00000000f56d4170,0x00000000f6980000)
  to   space 26624K, 0% used [0x00000000f6a80000,0x00000000f6a80000,0x00000000f8480000)
 ParOldGen       total 119296K, used 80348K [0x00000000a0000000, 0x00000000a7480000, 0x00000000e0000000)
  object space 119296K, 67% used [0x00000000a0000000,0x00000000a4e77398,0x00000000a7480000)
 Metaspace       used 86998K, capacity 90798K, committed 91032K, reserved 1128448K
  class space    used 11359K, capacity 12104K, committed 12200K, reserved 1048576K
GC Heap History (10 events):
Event: 750.115 GC heap after
Heap after GC invocations=18 (full 3):
 PSYoungGen      total 242688K, used 19436K [0x00000000e0000000, 0x00000000f4180000, 0x0000000100000000)
  eden space 223232K, 0% used [0x00000000e0000000,0x00000000e0000000,0x00000000eda00000)
  from space 19456K, 99% used [0x00000000eda00000,0x00000000eecfb368,0x00000000eed00000)
  to   space 27136K, 0% used [0x00000000f2700000,0x00000000f2700000,0x00000000f4180000)
 ParOldGen       total 68096K, used 43694K [0x00000000a0000000, 0x00000000a4280000, 0x00000000e0000000)
  object space 68096K, 64% used [0x00000000a0000000,0x00000000a2aab880,0x00000000a4280000)
 Metaspace       used 76345K, capacity 79286K, committed 79512K, reserved 1118208K
  class space    used 9973K, capacity 10618K, committed 10664K, reserved 1048576K
}
Event: 761.306 GC heap before
{Heap before GC invocations=19 (full 3):
 PSYoungGen      total 242688K, used 242668K [0x00000000e0000000, 0x00000000f4180000, 0x0000000100000000)
  eden space 223232K, 100% used [0x00000000e0000000,0x00000000eda00000,0x00000000eda00000)
  from space 19456K, 99% used [0x00000000eda00000,0x00000000eecfb368,0x00000000eed00000)
  to   space 27136K, 0% used [0x00000000f2700000,0x00000000f2700000,0x00000000f4180000)
 ParOldGen       total 68096K, used 43694K [0x00000000a0000000, 0x00000000a4280000, 0x00000000e0000000)
  object space 68096K, 64% used [0x00000000a0000000,0x00000000a2aab880,0x00000000a4280000)
 Metaspace       used 84109K, capacity 87714K, committed 87960K, reserved 1126400K
  class space    used 11108K, capacity 11846K, committed 11944K, reserved 1048576K
Event: 762.171 GC heap after
Heap after GC invocations=19 (full 3):
 PSYoungGen      total 299008K, used 22499K [0x00000000e0000000, 0x00000000f5900000, 0x0000000100000000)
  eden space 271872K, 0% used [0x00000000e0000000,0x00000000e0000000,0x00000000f0980000)
  from space 27136K, 82% used [0x00000000f2700000,0x00000000f3cf8e18,0x00000000f4180000)
  to   space 30208K, 0% used [0x00000000f0980000,0x00000000f0980000,0x00000000f2700000)
 ParOldGen       total 68096K, used 60552K [0x00000000a0000000, 0x00000000a4280000, 0x00000000e0000000)
  object space 68096K, 88% used [0x00000000a0000000,0x00000000a3b22308,0x00000000a4280000)
 Metaspace       used 84109K, capacity 87714K, committed 87960K, reserved 1126400K
  class space    used 11108K, capacity 11846K, committed 11944K, reserved 1048576K
}
Event: 762.171 GC heap before
{Heap before GC invocations=20 (full 4):
 PSYoungGen      total 299008K, used 22499K [0x00000000e0000000, 0x00000000f5900000, 0x0000000100000000)
  eden space 271872K, 0% used [0x00000000e0000000,0x00000000e0000000,0x00000000f0980000)
  from space 27136K, 82% used [0x00000000f2700000,0x00000000f3cf8e18,0x00000000f4180000)
  to   space 30208K, 0% used [0x00000000f0980000,0x00000000f0980000,0x00000000f2700000)
 ParOldGen       total 68096K, used 60552K [0x00000000a0000000, 0x00000000a4280000, 0x00000000e0000000)
  object space 68096K, 88% used [0x00000000a0000000,0x00000000a3b22308,0x00000000a4280000)
 Metaspace       used 84109K, capacity 87714K, committed 87960K, reserved 1126400K
  class space    used 11108K, capacity 11846K, committed 11944K, reserved 1048576K
Event: 764.090 GC heap after
Heap after GC invocations=20 (full 4):
 PSYoungGen      total 299008K, used 0K [0x00000000e0000000, 0x00000000f5900000, 0x0000000100000000)
  eden space 271872K, 0% used [0x00000000e0000000,0x00000000e0000000,0x00000000f0980000)
  from space 27136K, 0% used [0x00000000f2700000,0x00000000f2700000,0x00000000f4180000)
  to   space 30208K, 0% used [0x00000000f0980000,0x00000000f0980000,0x00000000f2700000)
 ParOldGen       total 119296K, used 67799K [0x00000000a0000000, 0x00000000a7480000, 0x00000000e0000000)
  object space 119296K, 56% used [0x00000000a0000000,0x00000000a4235d20,0x00000000a7480000)
 Metaspace       used 84003K, capacity 87420K, committed 87960K, reserved 1126400K
  class space    used 11073K, capacity 11785K, committed 11944K, reserved 1048576K
}
Event: 771.918 GC heap before
{Heap before GC invocations=21 (full 4):
 PSYoungGen      total 299008K, used 271872K [0x00000000e0000000, 0x00000000f5900000, 0x0000000100000000)
  eden space 271872K, 100% used [0x00000000e0000000,0x00000000f0980000,0x00000000f0980000)
  from space 27136K, 0% used [0x00000000f2700000,0x00000000f2700000,0x00000000f4180000)
  to   space 30208K, 0% used [0x00000000f0980000,0x00000000f0980000,0x00000000f2700000)
 ParOldGen       total 119296K, used 67799K [0x00000000a0000000, 0x00000000a7480000, 0x00000000e0000000)
  object space 119296K, 56% used [0x00000000a0000000,0x00000000a4235d20,0x00000000a7480000)
 Metaspace       used 85976K, capacity 89614K, committed 89880K, reserved 1126400K
  class space    used 11310K, capacity 12048K, committed 12072K, reserved 1048576K
Event: 772.706 GC heap after
Heap after GC invocations=21 (full 4):
 PSYoungGen      total 302080K, used 9098K [0x00000000e0000000, 0x00000000f8680000, 0x0000000100000000)
  eden space 271872K, 0% used [0x00000000e0000000,0x00000000e0000000,0x00000000f0980000)
  from space 30208K, 30% used [0x00000000f0980000,0x00000000f1262bc8,0x00000000f2700000)
  to   space 28672K, 0% used [0x00000000f6a80000,0x00000000f6a80000,0x00000000f8680000)
 ParOldGen       total 119296K, used 67799K [0x00000000a0000000, 0x00000000a7480000, 0x00000000e0000000)
  object space 119296K, 56% used [0x00000000a0000000,0x00000000a4235d20,0x00000000a7480000)
 Metaspace       used 85976K, capacity 89614K, committed 89880K, reserved 1126400K
  class space    used 11310K, capacity 12048K, committed 12072K, reserved 1048576K
}
Event: 776.786 GC heap before
{Heap before GC invocations=22 (full 4):
 PSYoungGen      total 302080K, used 280970K [0x00000000e0000000, 0x00000000f8680000, 0x0000000100000000)
  eden space 271872K, 100% used [0x00000000e0000000,0x00000000f0980000,0x00000000f0980000)
  from space 30208K, 30% used [0x00000000f0980000,0x00000000f1262bc8,0x00000000f2700000)
  to   space 28672K, 0% used [0x00000000f6a80000,0x00000000f6a80000,0x00000000f8680000)
 ParOldGen       total 119296K, used 67799K [0x00000000a0000000, 0x00000000a7480000, 0x00000000e0000000)
  object space 119296K, 56% used [0x00000000a0000000,0x00000000a4235d20,0x00000000a7480000)
 Metaspace       used 86539K, capacity 90244K, committed 90392K, reserved 1128448K
  class space    used 11333K, capacity 12061K, committed 12072K, reserved 1048576K
Event: 776.970 GC heap after
Heap after GC invocations=22 (full 4):
 PSYoungGen      total 369152K, used 6912K [0x00000000e0000000, 0x00000000f8480000, 0x0000000100000000)
  eden space 342528K, 0% used [0x00000000e0000000,0x00000000e0000000,0x00000000f4e80000)
  from space 26624K, 25% used [0x00000000f6a80000,0x00000000f7140180,0x00000000f8480000)
  to   space 27648K, 0% used [0x00000000f4e80000,0x00000000f4e80000,0x00000000f6980000)
 ParOldGen       total 119296K, used 74312K [0x00000000a0000000, 0x00000000a7480000, 0x00000000e0000000)
  object space 119296K, 62% used [0x00000000a0000000,0x00000000a4892338,0x00000000a7480000)
 Metaspace       used 86539K, capacity 90244K, committed 90392K, reserved 1128448K
  class space    used 11333K, capacity 12061K, committed 12072K, reserved 1048576K
}
Event: 782.470 GC heap before
{Heap before GC invocations=23 (full 4):
 PSYoungGen      total 369152K, used 349440K [0x00000000e0000000, 0x00000000f8480000, 0x0000000100000000)
  eden space 342528K, 100% used [0x00000000e0000000,0x00000000f4e80000,0x00000000f4e80000)
  from space 26624K, 25% used [0x00000000f6a80000,0x00000000f7140180,0x00000000f8480000)
  to   space 27648K, 0% used [0x00000000f4e80000,0x00000000f4e80000,0x00000000f6980000)
 ParOldGen       total 119296K, used 74312K [0x00000000a0000000, 0x00000000a7480000, 0x00000000e0000000)
  object space 119296K, 62% used [0x00000000a0000000,0x00000000a4892338,0x00000000a7480000)
 Metaspace       used 86998K, capacity 90798K, committed 91032K, reserved 1128448K
  class space    used 11359K, capacity 12104K, committed 12200K, reserved 1048576K

