# JRE version: OpenJDK Runtime Environment (8.0_202) (build 1.8.0_202-release-1483-b49-5587405)
# Java VM: OpenJDK 64-Bit Server VM (25.202-b49-5587405 mixed mode linux-amd64 compressed oops)
Heap:
 PSYoungGen      total 480768K, used 0K [0x00000000e0000000, 0x0000000100000000, 0x0000000100000000)
  eden space 442368K, 0% used [0x00000000e0000000,0x00000000e0000000,0x00000000fb000000)
  from space 38400K, 0% used [0x00000000fb000000,0x00000000fb000000,0x00000000fd580000)
  to   space 43520K, 0% used [0x00000000fd580000,0x00000000fd580000,0x0000000100000000)
 ParOldGen       total 122880K, used 112609K [0x00000000a0000000, 0x00000000a7800000, 0x00000000e0000000)
  object space 122880K, 91% used [0x00000000a0000000,0x00000000a6df8770,0x00000000a7800000)
 Metaspace       used 100176K, capacity 105678K, committed 106328K, reserved 1142784K
  class space    used 12820K, capacity 13815K, committed 13952K, reserved 1048576K
GC Heap History (10 events):
Event: 3315.044 GC heap after
Heap after GC invocations=25 (full 4):
 PSYoungGen      total 470016K, used 26611K [0x00000000e0000000, 0x0000000100000000, 0x0000000100000000)
  eden space 443392K, 0% used [0x00000000e0000000,0x00000000e0000000,0x00000000fb100000)
  from space 26624K, 99% used [0x00000000fb100000,0x00000000fcafcf30,0x00000000fcb00000)
  to   space 41984K, 0% used [0x00000000fd700000,0x00000000fd700000,0x0000000100000000)
 ParOldGen       total 122880K, used 78568K [0x00000000a0000000, 0x00000000a7800000, 0x00000000e0000000)
  object space 122880K, 63% used [0x00000000a0000000,0x00000000a4cba120,0x00000000a7800000)
 Metaspace       used 99693K, capacity 105254K, committed 105560K, reserved 1140736K
  class space    used 12796K, capacity 13829K, committed 13952K, reserved 1048576K
}
Event: 3324.383 GC heap before
{Heap before GC invocations=26 (full 4):
 PSYoungGen      total 470016K, used 470003K [0x00000000e0000000, 0x0000000100000000, 0x0000000100000000)
  eden space 443392K, 100% used [0x00000000e0000000,0x00000000fb100000,0x00000000fb100000)
  from space 26624K, 99% used [0x00000000fb100000,0x00000000fcafcf30,0x00000000fcb00000)
  to   space 41984K, 0% used [0x00000000fd700000,0x00000000fd700000,0x0000000100000000)
 ParOldGen       total 122880K, used 78568K [0x00000000a0000000, 0x00000000a7800000, 0x00000000e0000000)
  object space 122880K, 63% used [0x00000000a0000000,0x00000000a4cba120,0x00000000a7800000)
 Metaspace       used 99755K, capacity 105318K, committed 105560K, reserved 1140736K
  class space    used 12796K, capacity 13829K, committed 13952K, reserved 1048576K
Event: 3325.192 GC heap after
Heap after GC invocations=26 (full 4):
 PSYoungGen      total 483840K, used 20602K [0x00000000e0000000, 0x0000000100000000, 0x0000000100000000)
  eden space 441856K, 0% used [0x00000000e0000000,0x00000000e0000000,0x00000000faf80000)
  from space 41984K, 49% used [0x00000000fd700000,0x00000000feb1ebc8,0x0000000100000000)
  to   space 40448K, 0% used [0x00000000faf80000,0x00000000faf80000,0x00000000fd700000)
 ParOldGen       total 122880K, used 86579K [0x00000000a0000000, 0x00000000a7800000, 0x00000000e0000000)
  object space 122880K, 70% used [0x00000000a0000000,0x00000000a548cfe8,0x00000000a7800000)
 Metaspace       used 99755K, capacity 105318K, committed 105560K, reserved 1140736K
  class space    used 12796K, capacity 13829K, committed 13952K, reserved 1048576K
}
Event: 3339.984 GC heap before
{Heap before GC invocations=27 (full 4):
 PSYoungGen      total 483840K, used 462458K [0x00000000e0000000, 0x0000000100000000, 0x0000000100000000)
  eden space 441856K, 100% used [0x00000000e0000000,0x00000000faf80000,0x00000000faf80000)
  from space 41984K, 49% used [0x00000000fd700000,0x00000000feb1ebc8,0x0000000100000000)
  to   space 40448K, 0% used [0x00000000faf80000,0x00000000faf80000,0x00000000fd700000)
 ParOldGen       total 122880K, used 86579K [0x00000000a0000000, 0x00000000a7800000, 0x00000000e0000000)
  object space 122880K, 70% used [0x00000000a0000000,0x00000000a548cfe8,0x00000000a7800000)
 Metaspace       used 100157K, capacity 105812K, committed 106072K, reserved 1140736K
  class space    used 12848K, capacity 13880K, committed 13952K, reserved 1048576K
Event: 3340.572 GC heap after
Heap after GC invocations=27 (full 4):
 PSYoungGen      total 453632K, used 11573K [0x00000000e0000000, 0x00000000ffc80000, 0x0000000100000000)
  eden space 441856K, 0% used [0x00000000e0000000,0x00000000e0000000,0x00000000faf80000)
  from space 11776K, 98% used [0x00000000faf80000,0x00000000fbacd558,0x00000000fbb00000)
  to   space 39424K, 0% used [0x00000000fd600000,0x00000000fd600000,0x00000000ffc80000)
 ParOldGen       total 122880K, used 87148K [0x00000000a0000000, 0x00000000a7800000, 0x00000000e0000000)
  object space 122880K, 70% used [0x00000000a0000000,0x00000000a551b028,0x00000000a7800000)
 Metaspace       used 100157K, capacity 105812K, committed 106072K, reserved 1140736K
  class space    used 12848K, capacity 13880K, committed 13952K, reserved 1048576K
}
Event: 3362.684 GC heap before
{Heap before GC invocations=28 (full 4):
 PSYoungGen      total 453632K, used 453429K [0x00000000e0000000, 0x00000000ffc80000, 0x0000000100000000)
  eden space 441856K, 100% used [0x00000000e0000000,0x00000000faf80000,0x00000000faf80000)
  from space 11776K, 98% used [0x00000000faf80000,0x00000000fbacd558,0x00000000fbb00000)
  to   space 39424K, 0% used [0x00000000fd600000,0x00000000fd600000,0x00000000ffc80000)
 ParOldGen       total 122880K, used 87148K [0x00000000a0000000, 0x00000000a7800000, 0x00000000e0000000)
  object space 122880K, 70% used [0x00000000a0000000,0x00000000a551b028,0x00000000a7800000)
 Metaspace       used 100209K, capacity 105896K, committed 106072K, reserved 1140736K
  class space    used 12851K, capacity 13884K, committed 13952K, reserved 1048576K
Event: 3363.011 GC heap after
Heap after GC invocations=28 (full 4):
 PSYoungGen      total 481792K, used 8175K [0x00000000e0000000, 0x0000000100000000, 0x0000000100000000)
  eden space 442368K, 0% used [0x00000000e0000000,0x00000000e0000000,0x00000000fb000000)
  from space 39424K, 20% used [0x00000000fd600000,0x00000000fddfbec8,0x00000000ffc80000)
  to   space 38912K, 0% used [0x00000000fb000000,0x00000000fb000000,0x00000000fd600000)
 ParOldGen       total 122880K, used 87188K [0x00000000a0000000, 0x00000000a7800000, 0x00000000e0000000)
  object space 122880K, 70% used [0x00000000a0000000,0x00000000a5525028,0x00000000a7800000)
 Metaspace       used 100209K, capacity 105896K, committed 106072K, reserved 1140736K
  class space    used 12851K, capacity 13884K, committed 13952K, reserved 1048576K
}
Event: 3371.305 GC heap before
{Heap before GC invocations=29 (full 4):
 PSYoungGen      total 481792K, used 450413K [0x00000000e0000000, 0x0000000100000000, 0x0000000100000000)
  eden space 442368K, 99% used [0x00000000e0000000,0x00000000fafdf700,0x00000000fb000000)
  from space 39424K, 20% used [0x00000000fd600000,0x00000000fddfbec8,0x00000000ffc80000)
  to   space 38912K, 0% used [0x00000000fb000000,0x00000000fb000000,0x00000000fd600000)
 ParOldGen       total 122880K, used 87188K [0x00000000a0000000, 0x00000000a7800000, 0x00000000e0000000)
  object space 122880K, 70% used [0x00000000a0000000,0x00000000a5525028,0x00000000a7800000)
 Metaspace       used 100432K, capacity 106116K, committed 106328K, reserved 1142784K
  class space    used 12866K, capacity 13902K, committed 13952K, reserved 1048576K
Event: 3371.863 GC heap after
Heap after GC invocations=29 (full 4):
 PSYoungGen      total 480768K, used 37901K [0x00000000e0000000, 0x0000000100000000, 0x0000000100000000)
  eden space 442368K, 0% used [0x00000000e0000000,0x00000000e0000000,0x00000000fb000000)
  from space 38400K, 98% used [0x00000000fb000000,0x00000000fd503608,0x00000000fd580000)
  to   space 43520K, 0% used [0x00000000fd580000,0x00000000fd580000,0x0000000100000000)
 ParOldGen       total 122880K, used 120336K [0x00000000a0000000, 0x00000000a7800000, 0x00000000e0000000)
  object space 122880K, 97% used [0x00000000a0000000,0x00000000a7584078,0x00000000a7800000)
 Metaspace       used 100432K, capacity 106116K, committed 106328K, reserved 1142784K
  class space    used 12866K, capacity 13902K, committed 13952K, reserved 1048576K
}
Event: 3371.863 GC heap before
{Heap before GC invocations=30 (full 5):
 PSYoungGen      total 480768K, used 37901K [0x00000000e0000000, 0x0000000100000000, 0x0000000100000000)
  eden space 442368K, 0% used [0x00000000e0000000,0x00000000e0000000,0x00000000fb000000)
  from space 38400K, 98% used [0x00000000fb000000,0x00000000fd503608,0x00000000fd580000)
  to   space 43520K, 0% used [0x00000000fd580000,0x00000000fd580000,0x0000000100000000)
 ParOldGen       total 122880K, used 120336K [0x00000000a0000000, 0x00000000a7800000, 0x00000000e0000000)
  object space 122880K, 97% used [0x00000000a0000000,0x00000000a7584078,0x00000000a7800000)
 Metaspace       used 100432K, capacity 106116K, committed 106328K, reserved 1142784K
  class space    used 12866K, capacity 13902K, committed 13952K, reserved 1048576K

