# JRE version: OpenJDK Runtime Environment (8.0_202) (build 1.8.0_202-release-1483-b49-5587405)
# Java VM: OpenJDK 64-Bit Server VM (25.202-b49-5587405 mixed mode linux-amd64 compressed oops)
Heap:
 PSYoungGen      total 272384K, used 9665K [0x00000000e0000000, 0x00000000f2500000, 0x0000000100000000)
  eden space 254464K, 0% used [0x00000000e0000000,0x00000000e0000000,0x00000000ef880000)
  from space 17920K, 53% used [0x00000000ef880000,0x00000000f01f0670,0x00000000f0a00000)
  to   space 12800K, 0% used [0x00000000f0a00000,0x00000000f0a00000,0x00000000f1680000)
 ParOldGen       total 40960K, used 38702K [0x00000000a0000000, 0x00000000a2800000, 0x00000000e0000000)
  object space 40960K, 94% used [0x00000000a0000000,0x00000000a25cba90,0x00000000a2800000)
 Metaspace       used 57123K, capacity 59034K, committed 59160K, reserved 1099776K
  class space    used 7816K, capacity 8259K, committed 8360K, reserved 1048576K
GC Heap History (10 events):
Event: 14.655 GC heap after
Heap after GC invocations=8 (full 1):
 PSYoungGen      total 101376K, used 0K [0x00000000e0000000, 0x00000000ec500000, 0x0000000100000000)
  eden space 92672K, 0% used [0x00000000e0000000,0x00000000e0000000,0x00000000e5a80000)
  from space 8704K, 0% used [0x00000000e5a80000,0x00000000e5a80000,0x00000000e6300000)
  to   space 8192K, 0% used [0x00000000ebd00000,0x00000000ebd00000,0x00000000ec500000)
 ParOldGen       total 32256K, used 13526K [0x00000000a0000000, 0x00000000a1f80000, 0x00000000e0000000)
  object space 32256K, 41% used [0x00000000a0000000,0x00000000a0d35bd0,0x00000000a1f80000)
 Metaspace       used 20661K, capacity 21150K, committed 21296K, reserved 1067008K
  class space    used 2945K, capacity 3120K, committed 3200K, reserved 1048576K
}
Event: 20.098 GC heap before
{Heap before GC invocations=9 (full 1):
 PSYoungGen      total 101376K, used 92672K [0x00000000e0000000, 0x00000000ec500000, 0x0000000100000000)
  eden space 92672K, 100% used [0x00000000e0000000,0x00000000e5a80000,0x00000000e5a80000)
  from space 8704K, 0% used [0x00000000e5a80000,0x00000000e5a80000,0x00000000e6300000)
  to   space 8192K, 0% used [0x00000000ebd00000,0x00000000ebd00000,0x00000000ec500000)
 ParOldGen       total 32256K, used 13526K [0x00000000a0000000, 0x00000000a1f80000, 0x00000000e0000000)
  object space 32256K, 41% used [0x00000000a0000000,0x00000000a0d35bd0,0x00000000a1f80000)
 Metaspace       used 29771K, capacity 30376K, committed 30464K, reserved 1075200K
  class space    used 4153K, capacity 4332K, committed 4352K, reserved 1048576K
Event: 20.360 GC heap after
Heap after GC invocations=9 (full 1):
 PSYoungGen      total 180736K, used 8184K [0x00000000e0000000, 0x00000000ec500000, 0x0000000100000000)
  eden space 172544K, 0% used [0x00000000e0000000,0x00000000e0000000,0x00000000ea880000)
  from space 8192K, 99% used [0x00000000ebd00000,0x00000000ec4fe3d8,0x00000000ec500000)
  to   space 10240K, 0% used [0x00000000eb100000,0x00000000eb100000,0x00000000ebb00000)
 ParOldGen       total 32256K, used 15096K [0x00000000a0000000, 0x00000000a1f80000, 0x00000000e0000000)
  object space 32256K, 46% used [0x00000000a0000000,0x00000000a0ebe118,0x00000000a1f80000)
 Metaspace       used 29771K, capacity 30376K, committed 30464K, reserved 1075200K
  class space    used 4153K, capacity 4332K, committed 4352K, reserved 1048576K
}
Event: 27.361 GC heap before
{Heap before GC invocations=10 (full 1):
 PSYoungGen      total 180736K, used 98143K [0x00000000e0000000, 0x00000000ec500000, 0x0000000100000000)
  eden space 172544K, 52% used [0x00000000e0000000,0x00000000e57d9a38,0x00000000ea880000)
  from space 8192K, 99% used [0x00000000ebd00000,0x00000000ec4fe3d8,0x00000000ec500000)
  to   space 10240K, 0% used [0x00000000eb100000,0x00000000eb100000,0x00000000ebb00000)
 ParOldGen       total 32256K, used 15096K [0x00000000a0000000, 0x00000000a1f80000, 0x00000000e0000000)
  object space 32256K, 46% used [0x00000000a0000000,0x00000000a0ebe118,0x00000000a1f80000)
 Metaspace       used 34465K, capacity 35420K, committed 35496K, reserved 1079296K
  class space    used 4761K, capacity 4994K, committed 5032K, reserved 1048576K
Event: 27.492 GC heap after
Heap after GC invocations=10 (full 1):
 PSYoungGen      total 191488K, used 10215K [0x00000000e0000000, 0x00000000f1680000, 0x0000000100000000)
  eden space 181248K, 0% used [0x00000000e0000000,0x00000000e0000000,0x00000000eb100000)
  from space 10240K, 99% used [0x00000000eb100000,0x00000000ebaf9fe0,0x00000000ebb00000)
  to   space 12800K, 0% used [0x00000000f0a00000,0x00000000f0a00000,0x00000000f1680000)
 ParOldGen       total 32256K, used 17152K [0x00000000a0000000, 0x00000000a1f80000, 0x00000000e0000000)
  object space 32256K, 53% used [0x00000000a0000000,0x00000000a10c0108,0x00000000a1f80000)
 Metaspace       used 34465K, capacity 35420K, committed 35496K, reserved 1079296K
  class space    used 4761K, capacity 4994K, committed 5032K, reserved 1048576K
}
Event: 27.492 GC heap before
{Heap before GC invocations=11 (full 2):
 PSYoungGen      total 191488K, used 10215K [0x00000000e0000000, 0x00000000f1680000, 0x0000000100000000)
  eden space 181248K, 0% used [0x00000000e0000000,0x00000000e0000000,0x00000000eb100000)
  from space 10240K, 99% used [0x00000000eb100000,0x00000000ebaf9fe0,0x00000000ebb00000)
  to   space 12800K, 0% used [0x00000000f0a00000,0x00000000f0a00000,0x00000000f1680000)
 ParOldGen       total 32256K, used 17152K [0x00000000a0000000, 0x00000000a1f80000, 0x00000000e0000000)
  object space 32256K, 53% used [0x00000000a0000000,0x00000000a10c0108,0x00000000a1f80000)
 Metaspace       used 34465K, capacity 35420K, committed 35496K, reserved 1079296K
  class space    used 4761K, capacity 4994K, committed 5032K, reserved 1048576K
Event: 27.763 GC heap after
Heap after GC invocations=11 (full 2):
 PSYoungGen      total 191488K, used 0K [0x00000000e0000000, 0x00000000f1680000, 0x0000000100000000)
  eden space 181248K, 0% used [0x00000000e0000000,0x00000000e0000000,0x00000000eb100000)
  from space 10240K, 0% used [0x00000000eb100000,0x00000000eb100000,0x00000000ebb00000)
  to   space 12800K, 0% used [0x00000000f0a00000,0x00000000f0a00000,0x00000000f1680000)
 ParOldGen       total 40960K, used 19049K [0x00000000a0000000, 0x00000000a2800000, 0x00000000e0000000)
  object space 40960K, 46% used [0x00000000a0000000,0x00000000a129a4f0,0x00000000a2800000)
 Metaspace       used 34458K, capacity 35396K, committed 35496K, reserved 1079296K
  class space    used 4759K, capacity 4990K, committed 5032K, reserved 1048576K
}
Event: 42.190 GC heap before
{Heap before GC invocations=12 (full 2):
 PSYoungGen      total 191488K, used 181248K [0x00000000e0000000, 0x00000000f1680000, 0x0000000100000000)
  eden space 181248K, 100% used [0x00000000e0000000,0x00000000eb100000,0x00000000eb100000)
  from space 10240K, 0% used [0x00000000eb100000,0x00000000eb100000,0x00000000ebb00000)
  to   space 12800K, 0% used [0x00000000f0a00000,0x00000000f0a00000,0x00000000f1680000)
 ParOldGen       total 40960K, used 19049K [0x00000000a0000000, 0x00000000a2800000, 0x00000000e0000000)
  object space 40960K, 46% used [0x00000000a0000000,0x00000000a129a4f0,0x00000000a2800000)
 Metaspace       used 50242K, capacity 51784K, committed 52008K, reserved 1093632K
  class space    used 6796K, capacity 7182K, committed 7208K, reserved 1048576K
Event: 42.850 GC heap after
Heap after GC invocations=12 (full 2):
 PSYoungGen      total 267264K, used 12789K [0x00000000e0000000, 0x00000000f2500000, 0x0000000100000000)
  eden space 254464K, 0% used [0x00000000e0000000,0x00000000e0000000,0x00000000ef880000)
  from space 12800K, 99% used [0x00000000f0a00000,0x00000000f167d470,0x00000000f1680000)
  to   space 17920K, 0% used [0x00000000ef880000,0x00000000ef880000,0x00000000f0a00000)
 ParOldGen       total 40960K, used 28332K [0x00000000a0000000, 0x00000000a2800000, 0x00000000e0000000)
  object space 40960K, 69% used [0x00000000a0000000,0x00000000a1bab1e8,0x00000000a2800000)
 Metaspace       used 50242K, capacity 51784K, committed 52008K, reserved 1093632K
  class space    used 6796K, capacity 7182K, committed 7208K, reserved 1048576K
}
Event: 52.444 GC heap before
{Heap before GC invocations=13 (full 2):
 PSYoungGen      total 267264K, used 130742K [0x00000000e0000000, 0x00000000f2500000, 0x0000000100000000)
  eden space 254464K, 46% used [0x00000000e0000000,0x00000000e7330678,0x00000000ef880000)
  from space 12800K, 99% used [0x00000000f0a00000,0x00000000f167d470,0x00000000f1680000)
  to   space 17920K, 0% used [0x00000000ef880000,0x00000000ef880000,0x00000000f0a00000)
 ParOldGen       total 40960K, used 28332K [0x00000000a0000000, 0x00000000a2800000, 0x00000000e0000000)
  object space 40960K, 69% used [0x00000000a0000000,0x00000000a1bab1e8,0x00000000a2800000)
 Metaspace       used 57123K, capacity 59034K, committed 59160K, reserved 1099776K
  class space    used 7816K, capacity 8259K, committed 8360K, reserved 1048576K

