# JRE version: OpenJDK Runtime Environment (8.0_202) (build 1.8.0_202-release-1483-b49-5587405)
# Java VM: OpenJDK 64-Bit Server VM (25.202-b49-5587405 mixed mode linux-amd64 compressed oops)
Heap:
 PSYoungGen      total 247296K, used 13250K [0x00000000e0000000, 0x00000000f0380000, 0x0000000100000000)
  eden space 228864K, 0% used [0x00000000e0000000,0x00000000e0000000,0x00000000edf80000)
  from space 18432K, 71% used [0x00000000edf80000,0x00000000eec70960,0x00000000ef180000)
  to   space 17408K, 0% used [0x00000000ef200000,0x00000000ef200000,0x00000000f0300000)
 ParOldGen       total 68608K, used 36232K [0x00000000a0000000, 0x00000000a4300000, 0x00000000e0000000)
  object space 68608K, 52% used [0x00000000a0000000,0x00000000a2362138,0x00000000a4300000)
 Metaspace       used 74215K, capacity 77164K, committed 77400K, reserved 1116160K
  class space    used 9741K, capacity 10336K, committed 10368K, reserved 1048576K
GC Heap History (10 events):
Event: 40.420 GC heap after
Heap after GC invocations=13 (full 2):
 PSYoungGen      total 135168K, used 12797K [0x00000000e0000000, 0x00000000ec300000, 0x0000000100000000)
  eden space 122368K, 0% used [0x00000000e0000000,0x00000000e0000000,0x00000000e7780000)
  from space 12800K, 99% used [0x00000000e7780000,0x00000000e83ff4c0,0x00000000e8400000)
  to   space 15872K, 0% used [0x00000000eb380000,0x00000000eb380000,0x00000000ec300000)
 ParOldGen       total 49152K, used 22557K [0x00000000a0000000, 0x00000000a3000000, 0x00000000e0000000)
  object space 49152K, 45% used [0x00000000a0000000,0x00000000a16075d8,0x00000000a3000000)
 Metaspace       used 46575K, capacity 47554K, committed 47832K, reserved 1091584K
  class space    used 6273K, capacity 6542K, committed 6656K, reserved 1048576K
}
Event: 47.588 GC heap before
{Heap before GC invocations=14 (full 2):
 PSYoungGen      total 135168K, used 135165K [0x00000000e0000000, 0x00000000ec300000, 0x0000000100000000)
  eden space 122368K, 100% used [0x00000000e0000000,0x00000000e7780000,0x00000000e7780000)
  from space 12800K, 99% used [0x00000000e7780000,0x00000000e83ff4c0,0x00000000e8400000)
  to   space 15872K, 0% used [0x00000000eb380000,0x00000000eb380000,0x00000000ec300000)
 ParOldGen       total 49152K, used 22557K [0x00000000a0000000, 0x00000000a3000000, 0x00000000e0000000)
  object space 49152K, 45% used [0x00000000a0000000,0x00000000a16075d8,0x00000000a3000000)
 Metaspace       used 56236K, capacity 57670K, committed 57944K, reserved 1099776K
  class space    used 7656K, capacity 8036K, committed 8064K, reserved 1048576K
Event: 47.832 GC heap after
Heap after GC invocations=14 (full 2):
 PSYoungGen      total 182272K, used 13444K [0x00000000e0000000, 0x00000000ec700000, 0x0000000100000000)
  eden space 166400K, 0% used [0x00000000e0000000,0x00000000e0000000,0x00000000ea280000)
  from space 15872K, 84% used [0x00000000eb380000,0x00000000ec0a13c8,0x00000000ec300000)
  to   space 17408K, 0% used [0x00000000ea280000,0x00000000ea280000,0x00000000eb380000)
 ParOldGen       total 49152K, used 30477K [0x00000000a0000000, 0x00000000a3000000, 0x00000000e0000000)
  object space 49152K, 62% used [0x00000000a0000000,0x00000000a1dc3410,0x00000000a3000000)
 Metaspace       used 56236K, capacity 57670K, committed 57944K, reserved 1099776K
  class space    used 7656K, capacity 8036K, committed 8064K, reserved 1048576K
}
Event: 49.326 GC heap before
{Heap before GC invocations=15 (full 2):
 PSYoungGen      total 182272K, used 32891K [0x00000000e0000000, 0x00000000ec700000, 0x0000000100000000)
  eden space 166400K, 11% used [0x00000000e0000000,0x00000000e12fd858,0x00000000ea280000)
  from space 15872K, 84% used [0x00000000eb380000,0x00000000ec0a13c8,0x00000000ec300000)
  to   space 17408K, 0% used [0x00000000ea280000,0x00000000ea280000,0x00000000eb380000)
 ParOldGen       total 49152K, used 30477K [0x00000000a0000000, 0x00000000a3000000, 0x00000000e0000000)
  object space 49152K, 62% used [0x00000000a0000000,0x00000000a1dc3410,0x00000000a3000000)
 Metaspace       used 57323K, capacity 58820K, committed 58968K, reserved 1099776K
  class space    used 7812K, capacity 8197K, committed 8320K, reserved 1048576K
Event: 49.381 GC heap after
Heap after GC invocations=15 (full 2):
 PSYoungGen      total 183808K, used 2244K [0x00000000e0000000, 0x00000000f0300000, 0x0000000100000000)
  eden space 166400K, 0% used [0x00000000e0000000,0x00000000e0000000,0x00000000ea280000)
  from space 17408K, 12% used [0x00000000ea280000,0x00000000ea4b11b0,0x00000000eb380000)
  to   space 17408K, 0% used [0x00000000ef200000,0x00000000ef200000,0x00000000f0300000)
 ParOldGen       total 49152K, used 35390K [0x00000000a0000000, 0x00000000a3000000, 0x00000000e0000000)
  object space 49152K, 72% used [0x00000000a0000000,0x00000000a228faa8,0x00000000a3000000)
 Metaspace       used 57323K, capacity 58820K, committed 58968K, reserved 1099776K
  class space    used 7812K, capacity 8197K, committed 8320K, reserved 1048576K
}
Event: 49.381 GC heap before
{Heap before GC invocations=16 (full 3):
 PSYoungGen      total 183808K, used 2244K [0x00000000e0000000, 0x00000000f0300000, 0x0000000100000000)
  eden space 166400K, 0% used [0x00000000e0000000,0x00000000e0000000,0x00000000ea280000)
  from space 17408K, 12% used [0x00000000ea280000,0x00000000ea4b11b0,0x00000000eb380000)
  to   space 17408K, 0% used [0x00000000ef200000,0x00000000ef200000,0x00000000f0300000)
 ParOldGen       total 49152K, used 35390K [0x00000000a0000000, 0x00000000a3000000, 0x00000000e0000000)
  object space 49152K, 72% used [0x00000000a0000000,0x00000000a228faa8,0x00000000a3000000)
 Metaspace       used 57323K, capacity 58820K, committed 58968K, reserved 1099776K
  class space    used 7812K, capacity 8197K, committed 8320K, reserved 1048576K
Event: 49.809 GC heap after
Heap after GC invocations=16 (full 3):
 PSYoungGen      total 183808K, used 0K [0x00000000e0000000, 0x00000000f0300000, 0x0000000100000000)
  eden space 166400K, 0% used [0x00000000e0000000,0x00000000e0000000,0x00000000ea280000)
  from space 17408K, 0% used [0x00000000ea280000,0x00000000ea280000,0x00000000eb380000)
  to   space 17408K, 0% used [0x00000000ef200000,0x00000000ef200000,0x00000000f0300000)
 ParOldGen       total 68608K, used 29598K [0x00000000a0000000, 0x00000000a4300000, 0x00000000e0000000)
  object space 68608K, 43% used [0x00000000a0000000,0x00000000a1ce7bb0,0x00000000a4300000)
 Metaspace       used 57323K, capacity 58820K, committed 58968K, reserved 1099776K
  class space    used 7812K, capacity 8197K, committed 8320K, reserved 1048576K
}
Event: 65.208 GC heap before
{Heap before GC invocations=17 (full 3):
 PSYoungGen      total 183808K, used 166400K [0x00000000e0000000, 0x00000000f0300000, 0x0000000100000000)
  eden space 166400K, 100% used [0x00000000e0000000,0x00000000ea280000,0x00000000ea280000)
  from space 17408K, 0% used [0x00000000ea280000,0x00000000ea280000,0x00000000eb380000)
  to   space 17408K, 0% used [0x00000000ef200000,0x00000000ef200000,0x00000000f0300000)
 ParOldGen       total 68608K, used 29598K [0x00000000a0000000, 0x00000000a4300000, 0x00000000e0000000)
  object space 68608K, 43% used [0x00000000a0000000,0x00000000a1ce7bb0,0x00000000a4300000)
 Metaspace       used 65383K, capacity 67330K, committed 67672K, reserved 1107968K
  class space    used 8780K, capacity 9232K, committed 9344K, reserved 1048576K
Event: 65.867 GC heap after
Heap after GC invocations=17 (full 3):
 PSYoungGen      total 246272K, used 12308K [0x00000000e0000000, 0x00000000f0380000, 0x0000000100000000)
  eden space 228864K, 0% used [0x00000000e0000000,0x00000000e0000000,0x00000000edf80000)
  from space 17408K, 70% used [0x00000000ef200000,0x00000000efe05188,0x00000000f0300000)
  to   space 18432K, 0% used [0x00000000edf80000,0x00000000edf80000,0x00000000ef180000)
 ParOldGen       total 68608K, used 29614K [0x00000000a0000000, 0x00000000a4300000, 0x00000000e0000000)
  object space 68608K, 43% used [0x00000000a0000000,0x00000000a1cebbb0,0x00000000a4300000)
 Metaspace       used 65383K, capacity 67330K, committed 67672K, reserved 1107968K
  class space    used 8780K, capacity 9232K, committed 9344K, reserved 1048576K
}
Event: 342.378 GC heap before
{Heap before GC invocations=18 (full 3):
 PSYoungGen      total 246272K, used 241172K [0x00000000e0000000, 0x00000000f0380000, 0x0000000100000000)
  eden space 228864K, 100% used [0x00000000e0000000,0x00000000edf80000,0x00000000edf80000)
  from space 17408K, 70% used [0x00000000ef200000,0x00000000efe05188,0x00000000f0300000)
  to   space 18432K, 0% used [0x00000000edf80000,0x00000000edf80000,0x00000000ef180000)
 ParOldGen       total 68608K, used 29614K [0x00000000a0000000, 0x00000000a4300000, 0x00000000e0000000)
  object space 68608K, 43% used [0x00000000a0000000,0x00000000a1cebbb0,0x00000000a4300000)
 Metaspace       used 74215K, capacity 77164K, committed 77400K, reserved 1116160K
  class space    used 9741K, capacity 10336K, committed 10368K, reserved 1048576K

