# JRE version: OpenJDK Runtime Environment (8.0_202) (build 1.8.0_202-release-1483-b49-5587405)
# Java VM: OpenJDK 64-Bit Server VM (25.202-b49-5587405 mixed mode linux-amd64 compressed oops)
Heap:
 PSYoungGen      total 330752K, used 21993K [0x00000000e0000000, 0x00000000f6100000, 0x0000000100000000)
  eden space 308736K, 0% used [0x00000000e0000000,0x00000000e0000000,0x00000000f2d80000)
  from space 22016K, 99% used [0x00000000f3600000,0x00000000f4b7a428,0x00000000f4b80000)
  to   space 17920K, 0% used [0x00000000f4f80000,0x00000000f4f80000,0x00000000f6100000)
 ParOldGen       total 70656K, used 57682K [0x00000000a0000000, 0x00000000a4500000, 0x00000000e0000000)
  object space 70656K, 81% used [0x00000000a0000000,0x00000000a3854ba8,0x00000000a4500000)
 Metaspace       used 79665K, capacity 82948K, committed 83112K, reserved 1122304K
  class space    used 10413K, capacity 11098K, committed 11176K, reserved 1048576K
GC Heap History (10 events):
Event: 50.107 GC heap after
Heap after GC invocations=11 (full 2):
 PSYoungGen      total 191488K, used 0K [0x00000000e0000000, 0x00000000f0400000, 0x0000000100000000)
  eden space 181248K, 0% used [0x00000000e0000000,0x00000000e0000000,0x00000000eb100000)
  from space 10240K, 0% used [0x00000000eb100000,0x00000000eb100000,0x00000000ebb00000)
  to   space 12800K, 0% used [0x00000000ef780000,0x00000000ef780000,0x00000000f0400000)
 ParOldGen       total 45056K, used 19279K [0x00000000a0000000, 0x00000000a2c00000, 0x00000000e0000000)
  object space 45056K, 42% used [0x00000000a0000000,0x00000000a12d3cd8,0x00000000a2c00000)
 Metaspace       used 34463K, capacity 35410K, committed 35496K, reserved 1079296K
  class space    used 4768K, capacity 4996K, committed 5032K, reserved 1048576K
}
Event: 90.836 GC heap before
{Heap before GC invocations=12 (full 2):
 PSYoungGen      total 191488K, used 181248K [0x00000000e0000000, 0x00000000f0400000, 0x0000000100000000)
  eden space 181248K, 100% used [0x00000000e0000000,0x00000000eb100000,0x00000000eb100000)
  from space 10240K, 0% used [0x00000000eb100000,0x00000000eb100000,0x00000000ebb00000)
  to   space 12800K, 0% used [0x00000000ef780000,0x00000000ef780000,0x00000000f0400000)
 ParOldGen       total 45056K, used 19279K [0x00000000a0000000, 0x00000000a2c00000, 0x00000000e0000000)
  object space 45056K, 42% used [0x00000000a0000000,0x00000000a12d3cd8,0x00000000a2c00000)
 Metaspace       used 50607K, capacity 52172K, committed 52392K, reserved 1093632K
  class space    used 6852K, capacity 7250K, committed 7336K, reserved 1048576K
Event: 93.672 GC heap after
Heap after GC invocations=12 (full 2):
 PSYoungGen      total 248320K, used 12784K [0x00000000e0000000, 0x00000000f1b80000, 0x0000000100000000)
  eden space 235520K, 0% used [0x00000000e0000000,0x00000000e0000000,0x00000000ee600000)
  from space 12800K, 99% used [0x00000000ef780000,0x00000000f03fc2f0,0x00000000f0400000)
  to   space 17920K, 0% used [0x00000000ee600000,0x00000000ee600000,0x00000000ef780000)
 ParOldGen       total 45056K, used 28978K [0x00000000a0000000, 0x00000000a2c00000, 0x00000000e0000000)
  object space 45056K, 64% used [0x00000000a0000000,0x00000000a1c4c900,0x00000000a2c00000)
 Metaspace       used 50607K, capacity 52172K, committed 52392K, reserved 1093632K
  class space    used 6852K, capacity 7250K, committed 7336K, reserved 1048576K
}
Event: 129.107 GC heap before
{Heap before GC invocations=13 (full 2):
 PSYoungGen      total 248320K, used 126644K [0x00000000e0000000, 0x00000000f1b80000, 0x0000000100000000)
  eden space 235520K, 48% used [0x00000000e0000000,0x00000000e6f310b0,0x00000000ee600000)
  from space 12800K, 99% used [0x00000000ef780000,0x00000000f03fc2f0,0x00000000f0400000)
  to   space 17920K, 0% used [0x00000000ee600000,0x00000000ee600000,0x00000000ef780000)
 ParOldGen       total 45056K, used 28978K [0x00000000a0000000, 0x00000000a2c00000, 0x00000000e0000000)
  object space 45056K, 64% used [0x00000000a0000000,0x00000000a1c4c900,0x00000000a2c00000)
 Metaspace       used 57218K, capacity 59038K, committed 59160K, reserved 1099776K
  class space    used 7813K, capacity 8259K, committed 8360K, reserved 1048576K
Event: 129.752 GC heap after
Heap after GC invocations=13 (full 2):
 PSYoungGen      total 253440K, used 9567K [0x00000000e0000000, 0x00000000f6100000, 0x0000000100000000)
  eden space 235520K, 0% used [0x00000000e0000000,0x00000000e0000000,0x00000000ee600000)
  from space 17920K, 53% used [0x00000000ee600000,0x00000000eef57c90,0x00000000ef780000)
  to   space 17920K, 0% used [0x00000000f4f80000,0x00000000f4f80000,0x00000000f6100000)
 ParOldGen       total 45056K, used 39212K [0x00000000a0000000, 0x00000000a2c00000, 0x00000000e0000000)
  object space 45056K, 87% used [0x00000000a0000000,0x00000000a264b1c8,0x00000000a2c00000)
 Metaspace       used 57218K, capacity 59038K, committed 59160K, reserved 1099776K
  class space    used 7813K, capacity 8259K, committed 8360K, reserved 1048576K
}
Event: 129.752 GC heap before
{Heap before GC invocations=14 (full 3):
 PSYoungGen      total 253440K, used 9567K [0x00000000e0000000, 0x00000000f6100000, 0x0000000100000000)
  eden space 235520K, 0% used [0x00000000e0000000,0x00000000e0000000,0x00000000ee600000)
  from space 17920K, 53% used [0x00000000ee600000,0x00000000eef57c90,0x00000000ef780000)
  to   space 17920K, 0% used [0x00000000f4f80000,0x00000000f4f80000,0x00000000f6100000)
 ParOldGen       total 45056K, used 39212K [0x00000000a0000000, 0x00000000a2c00000, 0x00000000e0000000)
  object space 45056K, 87% used [0x00000000a0000000,0x00000000a264b1c8,0x00000000a2c00000)
 Metaspace       used 57218K, capacity 59038K, committed 59160K, reserved 1099776K
  class space    used 7813K, capacity 8259K, committed 8360K, reserved 1048576K
Event: 132.411 GC heap after
Heap after GC invocations=14 (full 3):
 PSYoungGen      total 253440K, used 0K [0x00000000e0000000, 0x00000000f6100000, 0x0000000100000000)
  eden space 235520K, 0% used [0x00000000e0000000,0x00000000e0000000,0x00000000ee600000)
  from space 17920K, 0% used [0x00000000ee600000,0x00000000ee600000,0x00000000ef780000)
  to   space 17920K, 0% used [0x00000000f4f80000,0x00000000f4f80000,0x00000000f6100000)
 ParOldGen       total 70656K, used 33899K [0x00000000a0000000, 0x00000000a4500000, 0x00000000e0000000)
  object space 70656K, 47% used [0x00000000a0000000,0x00000000a211acc8,0x00000000a4500000)
 Metaspace       used 57218K, capacity 59038K, committed 59160K, reserved 1099776K
  class space    used 7813K, capacity 8259K, committed 8360K, reserved 1048576K
}
Event: 345.213 GC heap before
{Heap before GC invocations=15 (full 3):
 PSYoungGen      total 253440K, used 235520K [0x00000000e0000000, 0x00000000f6100000, 0x0000000100000000)
  eden space 235520K, 100% used [0x00000000e0000000,0x00000000ee600000,0x00000000ee600000)
  from space 17920K, 0% used [0x00000000ee600000,0x00000000ee600000,0x00000000ef780000)
  to   space 17920K, 0% used [0x00000000f4f80000,0x00000000f4f80000,0x00000000f6100000)
 ParOldGen       total 70656K, used 33899K [0x00000000a0000000, 0x00000000a4500000, 0x00000000e0000000)
  object space 70656K, 47% used [0x00000000a0000000,0x00000000a211acc8,0x00000000a4500000)
 Metaspace       used 69628K, capacity 72454K, committed 72616K, reserved 1112064K
  class space    used 9224K, capacity 9819K, committed 9896K, reserved 1048576K
Event: 345.725 GC heap after
Heap after GC invocations=15 (full 3):
 PSYoungGen      total 326656K, used 17896K [0x00000000e0000000, 0x00000000f6100000, 0x0000000100000000)
  eden space 308736K, 0% used [0x00000000e0000000,0x00000000e0000000,0x00000000f2d80000)
  from space 17920K, 99% used [0x00000000f4f80000,0x00000000f60fa318,0x00000000f6100000)
  to   space 22016K, 0% used [0x00000000f3600000,0x00000000f3600000,0x00000000f4b80000)
 ParOldGen       total 70656K, used 38086K [0x00000000a0000000, 0x00000000a4500000, 0x00000000e0000000)
  object space 70656K, 53% used [0x00000000a0000000,0x00000000a2531af8,0x00000000a4500000)
 Metaspace       used 69628K, capacity 72454K, committed 72616K, reserved 1112064K
  class space    used 9224K, capacity 9819K, committed 9896K, reserved 1048576K
}
Event: 565.528 GC heap before
{Heap before GC invocations=16 (full 3):
 PSYoungGen      total 326656K, used 326632K [0x00000000e0000000, 0x00000000f6100000, 0x0000000100000000)
  eden space 308736K, 100% used [0x00000000e0000000,0x00000000f2d80000,0x00000000f2d80000)
  from space 17920K, 99% used [0x00000000f4f80000,0x00000000f60fa318,0x00000000f6100000)
  to   space 22016K, 0% used [0x00000000f3600000,0x00000000f3600000,0x00000000f4b80000)
 ParOldGen       total 70656K, used 38086K [0x00000000a0000000, 0x00000000a4500000, 0x00000000e0000000)
  object space 70656K, 53% used [0x00000000a0000000,0x00000000a2531af8,0x00000000a4500000)
 Metaspace       used 79665K, capacity 82948K, committed 83112K, reserved 1122304K
  class space    used 10413K, capacity 11098K, committed 11176K, reserved 1048576K

