# JRE version: OpenJDK Runtime Environment (8.0_202) (build 1.8.0_202-release-1483-b49-5587405)
# Java VM: OpenJDK 64-Bit Server VM (25.202-b49-5587405 mixed mode linux-amd64 compressed oops)
Heap:
 PSYoungGen      total 101376K, used 4823K [0x00000000e0000000, 0x00000000e6d00000, 0x0000000100000000)
  eden space 92672K, 0% used [0x00000000e0000000,0x00000000e0000000,0x00000000e5a80000)
  from space 8704K, 55% used [0x00000000e5a80000,0x00000000e5f35db0,0x00000000e6300000)
  to   space 7168K, 0% used [0x00000000e6300000,0x00000000e6300000,0x00000000e6a00000)
 ParOldGen       total 30208K, used 11562K [0x00000000a0000000, 0x00000000a1d80000, 0x00000000e0000000)
  object space 30208K, 38% used [0x00000000a0000000,0x00000000a0b4aae0,0x00000000a1d80000)
 Metaspace       used 20713K, capacity 21174K, committed 21296K, reserved 1067008K
  class space    used 2958K, capacity 3124K, committed 3200K, reserved 1048576K
GC Heap History (10 events):
Event: 8.688 GC heap after
Heap after GC invocations=2 (full 0):
 PSYoungGen      total 25088K, used 1520K [0x00000000e0000000, 0x00000000e1a00000, 0x0000000100000000)
  eden space 23552K, 0% used [0x00000000e0000000,0x00000000e0000000,0x00000000e1700000)
  from space 1536K, 98% used [0x00000000e1880000,0x00000000e19fc010,0x00000000e1a00000)
  to   space 1536K, 0% used [0x00000000e1700000,0x00000000e1700000,0x00000000e1880000)
 ParOldGen       total 30208K, used 1767K [0x00000000a0000000, 0x00000000a1d80000, 0x00000000e0000000)
  object space 30208K, 5% used [0x00000000a0000000,0x00000000a01b9c80,0x00000000a1d80000)
 Metaspace       used 6500K, capacity 6672K, committed 6784K, reserved 1056768K
  class space    used 801K, capacity 844K, committed 896K, reserved 1048576K
}
Event: 16.029 GC heap before
{Heap before GC invocations=3 (full 0):
 PSYoungGen      total 25088K, used 25072K [0x00000000e0000000, 0x00000000e1a00000, 0x0000000100000000)
  eden space 23552K, 100% used [0x00000000e0000000,0x00000000e1700000,0x00000000e1700000)
  from space 1536K, 98% used [0x00000000e1880000,0x00000000e19fc010,0x00000000e1a00000)
  to   space 1536K, 0% used [0x00000000e1700000,0x00000000e1700000,0x00000000e1880000)
 ParOldGen       total 30208K, used 1767K [0x00000000a0000000, 0x00000000a1d80000, 0x00000000e0000000)
  object space 30208K, 5% used [0x00000000a0000000,0x00000000a01b9c80,0x00000000a1d80000)
 Metaspace       used 6841K, capacity 7018K, committed 7168K, reserved 1056768K
  class space    used 851K, capacity 917K, committed 1024K, reserved 1048576K
Event: 16.566 GC heap after
Heap after GC invocations=3 (full 0):
 PSYoungGen      total 25088K, used 1536K [0x00000000e0000000, 0x00000000e3100000, 0x0000000100000000)
  eden space 23552K, 0% used [0x00000000e0000000,0x00000000e0000000,0x00000000e1700000)
  from space 1536K, 100% used [0x00000000e1700000,0x00000000e1880000,0x00000000e1880000)
  to   space 1536K, 0% used [0x00000000e2f80000,0x00000000e2f80000,0x00000000e3100000)
 ParOldGen       total 30208K, used 3174K [0x00000000a0000000, 0x00000000a1d80000, 0x00000000e0000000)
  object space 30208K, 10% used [0x00000000a0000000,0x00000000a0319b38,0x00000000a1d80000)
 Metaspace       used 6841K, capacity 7018K, committed 7168K, reserved 1056768K
  class space    used 851K, capacity 917K, committed 1024K, reserved 1048576K
}
Event: 25.380 GC heap before
{Heap before GC invocations=4 (full 0):
 PSYoungGen      total 25088K, used 25088K [0x00000000e0000000, 0x00000000e3100000, 0x0000000100000000)
  eden space 23552K, 100% used [0x00000000e0000000,0x00000000e1700000,0x00000000e1700000)
  from space 1536K, 100% used [0x00000000e1700000,0x00000000e1880000,0x00000000e1880000)
  to   space 1536K, 0% used [0x00000000e2f80000,0x00000000e2f80000,0x00000000e3100000)
 ParOldGen       total 30208K, used 3174K [0x00000000a0000000, 0x00000000a1d80000, 0x00000000e0000000)
  object space 30208K, 10% used [0x00000000a0000000,0x00000000a0319b38,0x00000000a1d80000)
 Metaspace       used 11238K, capacity 11586K, committed 11904K, reserved 1058816K
  class space    used 1493K, capacity 1585K, committed 1664K, reserved 1048576K
Event: 26.176 GC heap after
Heap after GC invocations=4 (full 0):
 PSYoungGen      total 48640K, used 1504K [0x00000000e0000000, 0x00000000e3100000, 0x0000000100000000)
  eden space 47104K, 0% used [0x00000000e0000000,0x00000000e0000000,0x00000000e2e00000)
  from space 1536K, 97% used [0x00000000e2f80000,0x00000000e30f8010,0x00000000e3100000)
  to   space 1536K, 0% used [0x00000000e2e00000,0x00000000e2e00000,0x00000000e2f80000)
 ParOldGen       total 30208K, used 6259K [0x00000000a0000000, 0x00000000a1d80000, 0x00000000e0000000)
  object space 30208K, 20% used [0x00000000a0000000,0x00000000a061cf18,0x00000000a1d80000)
 Metaspace       used 11238K, capacity 11586K, committed 11904K, reserved 1058816K
  class space    used 1493K, capacity 1585K, committed 1664K, reserved 1048576K
}
Event: 41.179 GC heap before
{Heap before GC invocations=5 (full 0):
 PSYoungGen      total 48640K, used 48608K [0x00000000e0000000, 0x00000000e3100000, 0x0000000100000000)
  eden space 47104K, 100% used [0x00000000e0000000,0x00000000e2e00000,0x00000000e2e00000)
  from space 1536K, 97% used [0x00000000e2f80000,0x00000000e30f8010,0x00000000e3100000)
  to   space 1536K, 0% used [0x00000000e2e00000,0x00000000e2e00000,0x00000000e2f80000)
 ParOldGen       total 30208K, used 6259K [0x00000000a0000000, 0x00000000a1d80000, 0x00000000e0000000)
  object space 30208K, 20% used [0x00000000a0000000,0x00000000a061cf18,0x00000000a1d80000)
 Metaspace       used 14840K, capacity 15278K, committed 15360K, reserved 1062912K
  class space    used 2114K, capacity 2263K, committed 2304K, reserved 1048576K
Event: 41.614 GC heap after
Heap after GC invocations=5 (full 0):
 PSYoungGen      total 48640K, used 1504K [0x00000000e0000000, 0x00000000e6a00000, 0x0000000100000000)
  eden space 47104K, 0% used [0x00000000e0000000,0x00000000e0000000,0x00000000e2e00000)
  from space 1536K, 97% used [0x00000000e2e00000,0x00000000e2f78010,0x00000000e2f80000)
  to   space 7168K, 0% used [0x00000000e6300000,0x00000000e6300000,0x00000000e6a00000)
 ParOldGen       total 30208K, used 10999K [0x00000000a0000000, 0x00000000a1d80000, 0x00000000e0000000)
  object space 30208K, 36% used [0x00000000a0000000,0x00000000a0abde70,0x00000000a1d80000)
 Metaspace       used 14840K, capacity 15278K, committed 15360K, reserved 1062912K
  class space    used 2114K, capacity 2263K, committed 2304K, reserved 1048576K
}
Event: 50.781 GC heap before
{Heap before GC invocations=6 (full 0):
 PSYoungGen      total 48640K, used 48608K [0x00000000e0000000, 0x00000000e6a00000, 0x0000000100000000)
  eden space 47104K, 100% used [0x00000000e0000000,0x00000000e2e00000,0x00000000e2e00000)
  from space 1536K, 97% used [0x00000000e2e00000,0x00000000e2f78010,0x00000000e2f80000)
  to   space 7168K, 0% used [0x00000000e6300000,0x00000000e6300000,0x00000000e6a00000)
 ParOldGen       total 30208K, used 10999K [0x00000000a0000000, 0x00000000a1d80000, 0x00000000e0000000)
  object space 30208K, 36% used [0x00000000a0000000,0x00000000a0abde70,0x00000000a1d80000)
 Metaspace       used 19448K, capacity 19958K, committed 20224K, reserved 1067008K
  class space    used 2831K, capacity 2996K, committed 3072K, reserved 1048576K
Event: 50.874 GC heap after
Heap after GC invocations=6 (full 0):
 PSYoungGen      total 99840K, used 7157K [0x00000000e0000000, 0x00000000e6d00000, 0x0000000100000000)
  eden space 92672K, 0% used [0x00000000e0000000,0x00000000e0000000,0x00000000e5a80000)
  from space 7168K, 99% used [0x00000000e6300000,0x00000000e69fd5a0,0x00000000e6a00000)
  to   space 8704K, 0% used [0x00000000e5a80000,0x00000000e5a80000,0x00000000e6300000)
 ParOldGen       total 30208K, used 11322K [0x00000000a0000000, 0x00000000a1d80000, 0x00000000e0000000)
  object space 30208K, 37% used [0x00000000a0000000,0x00000000a0b0eae0,0x00000000a1d80000)
 Metaspace       used 19448K, capacity 19958K, committed 20224K, reserved 1067008K
  class space    used 2831K, capacity 2996K, committed 3072K, reserved 1048576K
}
Event: 51.552 GC heap before
{Heap before GC invocations=7 (full 0):
 PSYoungGen      total 99840K, used 18284K [0x00000000e0000000, 0x00000000e6d00000, 0x0000000100000000)
  eden space 92672K, 12% used [0x00000000e0000000,0x00000000e0adddd8,0x00000000e5a80000)
  from space 7168K, 99% used [0x00000000e6300000,0x00000000e69fd5a0,0x00000000e6a00000)
  to   space 8704K, 0% used [0x00000000e5a80000,0x00000000e5a80000,0x00000000e6300000)
 ParOldGen       total 30208K, used 11322K [0x00000000a0000000, 0x00000000a1d80000, 0x00000000e0000000)
  object space 30208K, 37% used [0x00000000a0000000,0x00000000a0b0eae0,0x00000000a1d80000)
 Metaspace       used 20713K, capacity 21174K, committed 21296K, reserved 1067008K
  class space    used 2958K, capacity 3124K, committed 3200K, reserved 1048576K

