# JRE version: OpenJDK Runtime Environment (8.0_202) (build 1.8.0_202-release-1483-b49-5587405)
# Java VM: OpenJDK 64-Bit Server VM (25.202-b49-5587405 mixed mode linux-amd64 compressed oops)
Heap:
 PSYoungGen      total 52224K, used 5089K [0x00000000e0000000, 0x00000000e3800000, 0x0000000100000000)
  eden space 47104K, 0% used [0x00000000e0000000,0x00000000e0000000,0x00000000e2e00000)
  from space 5120K, 99% used [0x00000000e2e00000,0x00000000e32f8480,0x00000000e3300000)
  to   space 5120K, 0% used [0x00000000e3300000,0x00000000e3300000,0x00000000e3800000)
 ParOldGen       total 30208K, used 8715K [0x00000000a0000000, 0x00000000a1d80000, 0x00000000e0000000)
  object space 30208K, 28% used [0x00000000a0000000,0x00000000a0882e50,0x00000000a1d80000)
 Metaspace       used 17165K, capacity 17534K, committed 17792K, reserved 1064960K
  class space    used 2485K, capacity 2613K, committed 2688K, reserved 1048576K
GC Heap History (10 events):
Event: 13.806 GC heap after
Heap after GC invocations=2 (full 0):
 PSYoungGen      total 13312K, used 1504K [0x00000000e0000000, 0x00000000e1a00000, 0x0000000100000000)
  eden space 11776K, 0% used [0x00000000e0000000,0x00000000e0000000,0x00000000e0b80000)
  from space 1536K, 97% used [0x00000000e0d00000,0x00000000e0e78020,0x00000000e0e80000)
  to   space 1536K, 0% used [0x00000000e0b80000,0x00000000e0b80000,0x00000000e0d00000)
 ParOldGen       total 30208K, used 1773K [0x00000000a0000000, 0x00000000a1d80000, 0x00000000e0000000)
  object space 30208K, 5% used [0x00000000a0000000,0x00000000a01bb578,0x00000000a1d80000)
 Metaspace       used 6485K, capacity 6608K, committed 6784K, reserved 1056768K
  class space    used 801K, capacity 844K, committed 896K, reserved 1048576K
}
Event: 15.617 GC heap before
{Heap before GC invocations=3 (full 0):
 PSYoungGen      total 13312K, used 13280K [0x00000000e0000000, 0x00000000e1a00000, 0x0000000100000000)
  eden space 11776K, 100% used [0x00000000e0000000,0x00000000e0b80000,0x00000000e0b80000)
  from space 1536K, 97% used [0x00000000e0d00000,0x00000000e0e78020,0x00000000e0e80000)
  to   space 1536K, 0% used [0x00000000e0b80000,0x00000000e0b80000,0x00000000e0d00000)
 ParOldGen       total 30208K, used 1773K [0x00000000a0000000, 0x00000000a1d80000, 0x00000000e0000000)
  object space 30208K, 5% used [0x00000000a0000000,0x00000000a01bb578,0x00000000a1d80000)
 Metaspace       used 6580K, capacity 6736K, committed 7040K, reserved 1056768K
  class space    used 802K, capacity 844K, committed 896K, reserved 1048576K
Event: 15.638 GC heap after
Heap after GC invocations=3 (full 0):
 PSYoungGen      total 13312K, used 1520K [0x00000000e0000000, 0x00000000e1a00000, 0x0000000100000000)
  eden space 11776K, 0% used [0x00000000e0000000,0x00000000e0000000,0x00000000e0b80000)
  from space 1536K, 98% used [0x00000000e0b80000,0x00000000e0cfc010,0x00000000e0d00000)
  to   space 1536K, 0% used [0x00000000e1880000,0x00000000e1880000,0x00000000e1a00000)
 ParOldGen       total 30208K, used 2052K [0x00000000a0000000, 0x00000000a1d80000, 0x00000000e0000000)
  object space 30208K, 6% used [0x00000000a0000000,0x00000000a0201058,0x00000000a1d80000)
 Metaspace       used 6580K, capacity 6736K, committed 7040K, reserved 1056768K
  class space    used 802K, capacity 844K, committed 896K, reserved 1048576K
}
Event: 20.173 GC heap before
{Heap before GC invocations=4 (full 0):
 PSYoungGen      total 13312K, used 13296K [0x00000000e0000000, 0x00000000e1a00000, 0x0000000100000000)
  eden space 11776K, 100% used [0x00000000e0000000,0x00000000e0b80000,0x00000000e0b80000)
  from space 1536K, 98% used [0x00000000e0b80000,0x00000000e0cfc010,0x00000000e0d00000)
  to   space 1536K, 0% used [0x00000000e1880000,0x00000000e1880000,0x00000000e1a00000)
 ParOldGen       total 30208K, used 2052K [0x00000000a0000000, 0x00000000a1d80000, 0x00000000e0000000)
  object space 30208K, 6% used [0x00000000a0000000,0x00000000a0201058,0x00000000a1d80000)
 Metaspace       used 6848K, capacity 7018K, committed 7168K, reserved 1056768K
  class space    used 853K, capacity 917K, committed 1024K, reserved 1048576K
Event: 20.734 GC heap after
Heap after GC invocations=4 (full 0):
 PSYoungGen      total 25088K, used 1504K [0x00000000e0000000, 0x00000000e1a00000, 0x0000000100000000)
  eden space 23552K, 0% used [0x00000000e0000000,0x00000000e0000000,0x00000000e1700000)
  from space 1536K, 97% used [0x00000000e1880000,0x00000000e19f8020,0x00000000e1a00000)
  to   space 1536K, 0% used [0x00000000e1700000,0x00000000e1700000,0x00000000e1880000)
 ParOldGen       total 30208K, used 3219K [0x00000000a0000000, 0x00000000a1d80000, 0x00000000e0000000)
  object space 30208K, 10% used [0x00000000a0000000,0x00000000a0324e88,0x00000000a1d80000)
 Metaspace       used 6848K, capacity 7018K, committed 7168K, reserved 1056768K
  class space    used 853K, capacity 917K, committed 1024K, reserved 1048576K
}
Event: 30.678 GC heap before
{Heap before GC invocations=5 (full 0):
 PSYoungGen      total 25088K, used 25056K [0x00000000e0000000, 0x00000000e1a00000, 0x0000000100000000)
  eden space 23552K, 100% used [0x00000000e0000000,0x00000000e1700000,0x00000000e1700000)
  from space 1536K, 97% used [0x00000000e1880000,0x00000000e19f8020,0x00000000e1a00000)
  to   space 1536K, 0% used [0x00000000e1700000,0x00000000e1700000,0x00000000e1880000)
 ParOldGen       total 30208K, used 3219K [0x00000000a0000000, 0x00000000a1d80000, 0x00000000e0000000)
  object space 30208K, 10% used [0x00000000a0000000,0x00000000a0324e88,0x00000000a1d80000)
 Metaspace       used 11338K, capacity 11694K, committed 11904K, reserved 1058816K
  class space    used 1511K, capacity 1619K, committed 1664K, reserved 1048576K
Event: 30.984 GC heap after
Heap after GC invocations=5 (full 0):
 PSYoungGen      total 25088K, used 1504K [0x00000000e0000000, 0x00000000e3800000, 0x0000000100000000)
  eden space 23552K, 0% used [0x00000000e0000000,0x00000000e0000000,0x00000000e1700000)
  from space 1536K, 97% used [0x00000000e1700000,0x00000000e1878030,0x00000000e1880000)
  to   space 5120K, 0% used [0x00000000e3300000,0x00000000e3300000,0x00000000e3800000)
 ParOldGen       total 30208K, used 6422K [0x00000000a0000000, 0x00000000a1d80000, 0x00000000e0000000)
  object space 30208K, 21% used [0x00000000a0000000,0x00000000a0645ba0,0x00000000a1d80000)
 Metaspace       used 11338K, capacity 11694K, committed 11904K, reserved 1058816K
  class space    used 1511K, capacity 1619K, committed 1664K, reserved 1048576K
}
Event: 37.118 GC heap before
{Heap before GC invocations=6 (full 0):
 PSYoungGen      total 25088K, used 25056K [0x00000000e0000000, 0x00000000e3800000, 0x0000000100000000)
  eden space 23552K, 100% used [0x00000000e0000000,0x00000000e1700000,0x00000000e1700000)
  from space 1536K, 97% used [0x00000000e1700000,0x00000000e1878030,0x00000000e1880000)
  to   space 5120K, 0% used [0x00000000e3300000,0x00000000e3300000,0x00000000e3800000)
 ParOldGen       total 30208K, used 6422K [0x00000000a0000000, 0x00000000a1d80000, 0x00000000e0000000)
  object space 30208K, 21% used [0x00000000a0000000,0x00000000a0645ba0,0x00000000a1d80000)
 Metaspace       used 13215K, capacity 13676K, committed 13824K, reserved 1060864K
  class space    used 1825K, capacity 1962K, committed 2048K, reserved 1048576K
Event: 37.354 GC heap after
Heap after GC invocations=6 (full 0):
 PSYoungGen      total 52224K, used 3984K [0x00000000e0000000, 0x00000000e3800000, 0x0000000100000000)
  eden space 47104K, 0% used [0x00000000e0000000,0x00000000e0000000,0x00000000e2e00000)
  from space 5120K, 77% used [0x00000000e3300000,0x00000000e36e4300,0x00000000e3800000)
  to   space 5120K, 0% used [0x00000000e2e00000,0x00000000e2e00000,0x00000000e3300000)
 ParOldGen       total 30208K, used 6422K [0x00000000a0000000, 0x00000000a1d80000, 0x00000000e0000000)
  object space 30208K, 21% used [0x00000000a0000000,0x00000000a0645ba0,0x00000000a1d80000)
 Metaspace       used 13215K, capacity 13676K, committed 13824K, reserved 1060864K
  class space    used 1825K, capacity 1962K, committed 2048K, reserved 1048576K
}
Event: 51.550 GC heap before
{Heap before GC invocations=7 (full 0):
 PSYoungGen      total 52224K, used 51088K [0x00000000e0000000, 0x00000000e3800000, 0x0000000100000000)
  eden space 47104K, 100% used [0x00000000e0000000,0x00000000e2e00000,0x00000000e2e00000)
  from space 5120K, 77% used [0x00000000e3300000,0x00000000e36e4300,0x00000000e3800000)
  to   space 5120K, 0% used [0x00000000e2e00000,0x00000000e2e00000,0x00000000e3300000)
 ParOldGen       total 30208K, used 6422K [0x00000000a0000000, 0x00000000a1d80000, 0x00000000e0000000)
  object space 30208K, 21% used [0x00000000a0000000,0x00000000a0645ba0,0x00000000a1d80000)
 Metaspace       used 17165K, capacity 17534K, committed 17792K, reserved 1064960K
  class space    used 2485K, capacity 2613K, committed 2688K, reserved 1048576K

