# JRE version: OpenJDK Runtime Environment (8.0_202) (build 1.8.0_202-release-1483-b49-5587405)
# Java VM: OpenJDK 64-Bit Server VM (25.202-b49-5587405 mixed mode linux-amd64 compressed oops)
Heap:
 PSYoungGen      total 151040K, used 12794K [0x00000000e0000000, 0x00000000ea200000, 0x0000000100000000)
  eden space 138240K, 0% used [0x00000000e0000000,0x00000000e0000000,0x00000000e8700000)
  from space 12800K, 99% used [0x00000000e8700000,0x00000000e937e960,0x00000000e9380000)
  to   space 10240K, 0% used [0x00000000e9380000,0x00000000e9380000,0x00000000e9d80000)
 ParOldGen       total 42496K, used 24856K [0x00000000a0000000, 0x00000000a2980000, 0x00000000e0000000)
  object space 42496K, 58% used [0x00000000a0000000,0x00000000a18460a0,0x00000000a2980000)
 Metaspace       used 48557K, capacity 49930K, committed 50088K, reserved 1093632K
  class space    used 6469K, capacity 6777K, committed 6824K, reserved 1048576K
GC Heap History (10 events):
Event: 61.488 GC heap after
Heap after GC invocations=8 (full 0):
 PSYoungGen      total 100352K, used 7081K [0x00000000e0000000, 0x00000000e6c00000, 0x0000000100000000)
  eden space 93184K, 0% used [0x00000000e0000000,0x00000000e0000000,0x00000000e5b00000)
  from space 7168K, 98% used [0x00000000e6300000,0x00000000e69ea6f0,0x00000000e6a00000)
  to   space 8192K, 0% used [0x00000000e5b00000,0x00000000e5b00000,0x00000000e6300000)
 ParOldGen       total 30208K, used 8802K [0x00000000a0000000, 0x00000000a1d80000, 0x00000000e0000000)
  object space 30208K, 29% used [0x00000000a0000000,0x00000000a0898b60,0x00000000a1d80000)
 Metaspace       used 20702K, capacity 21174K, committed 21296K, reserved 1067008K
  class space    used 2954K, capacity 3124K, committed 3200K, reserved 1048576K
}
Event: 61.489 GC heap before
{Heap before GC invocations=9 (full 1):
 PSYoungGen      total 100352K, used 7081K [0x00000000e0000000, 0x00000000e6c00000, 0x0000000100000000)
  eden space 93184K, 0% used [0x00000000e0000000,0x00000000e0000000,0x00000000e5b00000)
  from space 7168K, 98% used [0x00000000e6300000,0x00000000e69ea6f0,0x00000000e6a00000)
  to   space 8192K, 0% used [0x00000000e5b00000,0x00000000e5b00000,0x00000000e6300000)
 ParOldGen       total 30208K, used 8802K [0x00000000a0000000, 0x00000000a1d80000, 0x00000000e0000000)
  object space 30208K, 29% used [0x00000000a0000000,0x00000000a0898b60,0x00000000a1d80000)
 Metaspace       used 20702K, capacity 21174K, committed 21296K, reserved 1067008K
  class space    used 2954K, capacity 3124K, committed 3200K, reserved 1048576K
Event: 61.800 GC heap after
Heap after GC invocations=9 (full 1):
 PSYoungGen      total 100352K, used 0K [0x00000000e0000000, 0x00000000e6c00000, 0x0000000100000000)
  eden space 93184K, 0% used [0x00000000e0000000,0x00000000e0000000,0x00000000e5b00000)
  from space 7168K, 0% used [0x00000000e6300000,0x00000000e6300000,0x00000000e6a00000)
  to   space 8192K, 0% used [0x00000000e5b00000,0x00000000e5b00000,0x00000000e6300000)
 ParOldGen       total 27648K, used 10149K [0x00000000a0000000, 0x00000000a1b00000, 0x00000000e0000000)
  object space 27648K, 36% used [0x00000000a0000000,0x00000000a09e9538,0x00000000a1b00000)
 Metaspace       used 20702K, capacity 21174K, committed 21296K, reserved 1067008K
  class space    used 2954K, capacity 3124K, committed 3200K, reserved 1048576K
}
Event: 82.495 GC heap before
{Heap before GC invocations=10 (full 1):
 PSYoungGen      total 100352K, used 93184K [0x00000000e0000000, 0x00000000e6c00000, 0x0000000100000000)
  eden space 93184K, 100% used [0x00000000e0000000,0x00000000e5b00000,0x00000000e5b00000)
  from space 7168K, 0% used [0x00000000e6300000,0x00000000e6300000,0x00000000e6a00000)
  to   space 8192K, 0% used [0x00000000e5b00000,0x00000000e5b00000,0x00000000e6300000)
 ParOldGen       total 27648K, used 10149K [0x00000000a0000000, 0x00000000a1b00000, 0x00000000e0000000)
  object space 27648K, 36% used [0x00000000a0000000,0x00000000a09e9538,0x00000000a1b00000)
 Metaspace       used 29858K, capacity 30406K, committed 30464K, reserved 1075200K
  class space    used 4161K, capacity 4338K, committed 4352K, reserved 1048576K
Event: 83.065 GC heap after
Heap after GC invocations=10 (full 1):
 PSYoungGen      total 101376K, used 8190K [0x00000000e0000000, 0x00000000e9d80000, 0x0000000100000000)
  eden space 93184K, 0% used [0x00000000e0000000,0x00000000e0000000,0x00000000e5b00000)
  from space 8192K, 99% used [0x00000000e5b00000,0x00000000e62ff870,0x00000000e6300000)
  to   space 10240K, 0% used [0x00000000e9380000,0x00000000e9380000,0x00000000e9d80000)
 ParOldGen       total 27648K, used 11729K [0x00000000a0000000, 0x00000000a1b00000, 0x00000000e0000000)
  object space 27648K, 42% used [0x00000000a0000000,0x00000000a0b74560,0x00000000a1b00000)
 Metaspace       used 29858K, capacity 30406K, committed 30464K, reserved 1075200K
  class space    used 4161K, capacity 4338K, committed 4352K, reserved 1048576K
}
Event: 103.407 GC heap before
{Heap before GC invocations=11 (full 1):
 PSYoungGen      total 101376K, used 97436K [0x00000000e0000000, 0x00000000e9d80000, 0x0000000100000000)
  eden space 93184K, 95% used [0x00000000e0000000,0x00000000e5727828,0x00000000e5b00000)
  from space 8192K, 99% used [0x00000000e5b00000,0x00000000e62ff870,0x00000000e6300000)
  to   space 10240K, 0% used [0x00000000e9380000,0x00000000e9380000,0x00000000e9d80000)
 ParOldGen       total 27648K, used 11729K [0x00000000a0000000, 0x00000000a1b00000, 0x00000000e0000000)
  object space 27648K, 42% used [0x00000000a0000000,0x00000000a0b74560,0x00000000a1b00000)
 Metaspace       used 34509K, capacity 35428K, committed 35496K, reserved 1079296K
  class space    used 4763K, capacity 4997K, committed 5032K, reserved 1048576K
Event: 103.726 GC heap after
Heap after GC invocations=11 (full 1):
 PSYoungGen      total 148480K, used 10231K [0x00000000e0000000, 0x00000000ea200000, 0x0000000100000000)
  eden space 138240K, 0% used [0x00000000e0000000,0x00000000e0000000,0x00000000e8700000)
  from space 10240K, 99% used [0x00000000e9380000,0x00000000e9d7dfe0,0x00000000e9d80000)
  to   space 12800K, 0% used [0x00000000e8700000,0x00000000e8700000,0x00000000e9380000)
 ParOldGen       total 27648K, used 14231K [0x00000000a0000000, 0x00000000a1b00000, 0x00000000e0000000)
  object space 27648K, 51% used [0x00000000a0000000,0x00000000a0de5cd0,0x00000000a1b00000)
 Metaspace       used 34509K, capacity 35428K, committed 35496K, reserved 1079296K
  class space    used 4763K, capacity 4997K, committed 5032K, reserved 1048576K
}
Event: 103.726 GC heap before
{Heap before GC invocations=12 (full 2):
 PSYoungGen      total 148480K, used 10231K [0x00000000e0000000, 0x00000000ea200000, 0x0000000100000000)
  eden space 138240K, 0% used [0x00000000e0000000,0x00000000e0000000,0x00000000e8700000)
  from space 10240K, 99% used [0x00000000e9380000,0x00000000e9d7dfe0,0x00000000e9d80000)
  to   space 12800K, 0% used [0x00000000e8700000,0x00000000e8700000,0x00000000e9380000)
 ParOldGen       total 27648K, used 14231K [0x00000000a0000000, 0x00000000a1b00000, 0x00000000e0000000)
  object space 27648K, 51% used [0x00000000a0000000,0x00000000a0de5cd0,0x00000000a1b00000)
 Metaspace       used 34509K, capacity 35428K, committed 35496K, reserved 1079296K
  class space    used 4763K, capacity 4997K, committed 5032K, reserved 1048576K
Event: 104.898 GC heap after
Heap after GC invocations=12 (full 2):
 PSYoungGen      total 148480K, used 0K [0x00000000e0000000, 0x00000000ea200000, 0x0000000100000000)
  eden space 138240K, 0% used [0x00000000e0000000,0x00000000e0000000,0x00000000e8700000)
  from space 10240K, 0% used [0x00000000e9380000,0x00000000e9380000,0x00000000e9d80000)
  to   space 12800K, 0% used [0x00000000e8700000,0x00000000e8700000,0x00000000e9380000)
 ParOldGen       total 42496K, used 19234K [0x00000000a0000000, 0x00000000a2980000, 0x00000000e0000000)
  object space 42496K, 45% used [0x00000000a0000000,0x00000000a12c8808,0x00000000a2980000)
 Metaspace       used 34509K, capacity 35428K, committed 35496K, reserved 1079296K
  class space    used 4763K, capacity 4997K, committed 5032K, reserved 1048576K
}
Event: 121.900 GC heap before
{Heap before GC invocations=13 (full 2):
 PSYoungGen      total 148480K, used 138240K [0x00000000e0000000, 0x00000000ea200000, 0x0000000100000000)
  eden space 138240K, 100% used [0x00000000e0000000,0x00000000e8700000,0x00000000e8700000)
  from space 10240K, 0% used [0x00000000e9380000,0x00000000e9380000,0x00000000e9d80000)
  to   space 12800K, 0% used [0x00000000e8700000,0x00000000e8700000,0x00000000e9380000)
 ParOldGen       total 42496K, used 19234K [0x00000000a0000000, 0x00000000a2980000, 0x00000000e0000000)
  object space 42496K, 45% used [0x00000000a0000000,0x00000000a12c8808,0x00000000a2980000)
 Metaspace       used 48557K, capacity 49930K, committed 50088K, reserved 1093632K
  class space    used 6469K, capacity 6777K, committed 6824K, reserved 1048576K

