# JRE version: OpenJDK Runtime Environment (8.0_202) (build 1.8.0_202-release-1483-b49-5587405)
# Java VM: OpenJDK 64-Bit Server VM (25.202-b49-5587405 mixed mode linux-amd64 compressed oops)
Heap:
 PSYoungGen      total 185344K, used 128K [0x00000000e0000000, 0x00000000ecc80000, 0x0000000100000000)
  eden space 166912K, 0% used [0x00000000e0000000,0x00000000e0000000,0x00000000ea300000)
  from space 18432K, 0% used [0x00000000ea300000,0x00000000ea320000,0x00000000eb500000)
  to   space 16384K, 0% used [0x00000000eb500000,0x00000000eb500000,0x00000000ec500000)
 ParOldGen       total 45568K, used 39785K [0x00000000a0000000, 0x00000000a2c80000, 0x00000000e0000000)
  object space 45568K, 87% used [0x00000000a0000000,0x00000000a26da750,0x00000000a2c80000)
 Metaspace       used 57269K, capacity 59096K, committed 59160K, reserved 1099776K
  class space    used 7699K, capacity 8091K, committed 8104K, reserved 1048576K
GC Heap History (10 events):
Event: 25.304 GC heap after
Heap after GC invocations=10 (full 1):
 PSYoungGen      total 101376K, used 8160K [0x00000000e0000000, 0x00000000e9380000, 0x0000000100000000)
  eden space 93184K, 0% used [0x00000000e0000000,0x00000000e0000000,0x00000000e5b00000)
  from space 8192K, 99% used [0x00000000e5b00000,0x00000000e62f8388,0x00000000e6300000)
  to   space 10240K, 0% used [0x00000000e8980000,0x00000000e8980000,0x00000000e9380000)
 ParOldGen       total 30720K, used 12933K [0x00000000a0000000, 0x00000000a1e00000, 0x00000000e0000000)
  object space 30720K, 42% used [0x00000000a0000000,0x00000000a0ca15d0,0x00000000a1e00000)
 Metaspace       used 29917K, capacity 30458K, committed 30720K, reserved 1075200K
  class space    used 4164K, capacity 4334K, committed 4352K, reserved 1048576K
}
Event: 31.530 GC heap before
{Heap before GC invocations=11 (full 1):
 PSYoungGen      total 101376K, used 94945K [0x00000000e0000000, 0x00000000e9380000, 0x0000000100000000)
  eden space 93184K, 93% used [0x00000000e0000000,0x00000000e54c01a8,0x00000000e5b00000)
  from space 8192K, 99% used [0x00000000e5b00000,0x00000000e62f8388,0x00000000e6300000)
  to   space 10240K, 0% used [0x00000000e8980000,0x00000000e8980000,0x00000000e9380000)
 ParOldGen       total 30720K, used 12933K [0x00000000a0000000, 0x00000000a1e00000, 0x00000000e0000000)
  object space 30720K, 42% used [0x00000000a0000000,0x00000000a0ca15d0,0x00000000a1e00000)
 Metaspace       used 34490K, capacity 35466K, committed 35496K, reserved 1079296K
  class space    used 4766K, capacity 5029K, committed 5032K, reserved 1048576K
Event: 31.660 GC heap after
Heap after GC invocations=11 (full 1):
 PSYoungGen      total 138752K, used 10230K [0x00000000e0000000, 0x00000000e9780000, 0x0000000100000000)
  eden space 128512K, 0% used [0x00000000e0000000,0x00000000e0000000,0x00000000e7d80000)
  from space 10240K, 99% used [0x00000000e8980000,0x00000000e937d900,0x00000000e9380000)
  to   space 12288K, 0% used [0x00000000e7d80000,0x00000000e7d80000,0x00000000e8980000)
 ParOldGen       total 30720K, used 14517K [0x00000000a0000000, 0x00000000a1e00000, 0x00000000e0000000)
  object space 30720K, 47% used [0x00000000a0000000,0x00000000a0e2d5c8,0x00000000a1e00000)
 Metaspace       used 34490K, capacity 35466K, committed 35496K, reserved 1079296K
  class space    used 4766K, capacity 5029K, committed 5032K, reserved 1048576K
}
Event: 31.660 GC heap before
{Heap before GC invocations=12 (full 2):
 PSYoungGen      total 138752K, used 10230K [0x00000000e0000000, 0x00000000e9780000, 0x0000000100000000)
  eden space 128512K, 0% used [0x00000000e0000000,0x00000000e0000000,0x00000000e7d80000)
  from space 10240K, 99% used [0x00000000e8980000,0x00000000e937d900,0x00000000e9380000)
  to   space 12288K, 0% used [0x00000000e7d80000,0x00000000e7d80000,0x00000000e8980000)
 ParOldGen       total 30720K, used 14517K [0x00000000a0000000, 0x00000000a1e00000, 0x00000000e0000000)
  object space 30720K, 47% used [0x00000000a0000000,0x00000000a0e2d5c8,0x00000000a1e00000)
 Metaspace       used 34490K, capacity 35466K, committed 35496K, reserved 1079296K
  class space    used 4766K, capacity 5029K, committed 5032K, reserved 1048576K
Event: 31.997 GC heap after
Heap after GC invocations=12 (full 2):
 PSYoungGen      total 138752K, used 0K [0x00000000e0000000, 0x00000000e9780000, 0x0000000100000000)
  eden space 128512K, 0% used [0x00000000e0000000,0x00000000e0000000,0x00000000e7d80000)
  from space 10240K, 0% used [0x00000000e8980000,0x00000000e8980000,0x00000000e9380000)
  to   space 12288K, 0% used [0x00000000e7d80000,0x00000000e7d80000,0x00000000e8980000)
 ParOldGen       total 45568K, used 18727K [0x00000000a0000000, 0x00000000a2c80000, 0x00000000e0000000)
  object space 45568K, 41% used [0x00000000a0000000,0x00000000a1249d48,0x00000000a2c80000)
 Metaspace       used 34484K, capacity 35448K, committed 35496K, reserved 1079296K
  class space    used 4764K, capacity 5026K, committed 5032K, reserved 1048576K
}
Event: 42.638 GC heap before
{Heap before GC invocations=13 (full 2):
 PSYoungGen      total 138752K, used 128512K [0x00000000e0000000, 0x00000000e9780000, 0x0000000100000000)
  eden space 128512K, 100% used [0x00000000e0000000,0x00000000e7d80000,0x00000000e7d80000)
  from space 10240K, 0% used [0x00000000e8980000,0x00000000e8980000,0x00000000e9380000)
  to   space 12288K, 0% used [0x00000000e7d80000,0x00000000e7d80000,0x00000000e8980000)
 ParOldGen       total 45568K, used 18727K [0x00000000a0000000, 0x00000000a2c80000, 0x00000000e0000000)
  object space 45568K, 41% used [0x00000000a0000000,0x00000000a1249d48,0x00000000a2c80000)
 Metaspace       used 47700K, capacity 48972K, committed 49192K, reserved 1091584K
  class space    used 6335K, capacity 6611K, committed 6696K, reserved 1048576K
Event: 42.811 GC heap after
Heap after GC invocations=13 (full 2):
 PSYoungGen      total 140800K, used 12284K [0x00000000e0000000, 0x00000000ec500000, 0x0000000100000000)
  eden space 128512K, 0% used [0x00000000e0000000,0x00000000e0000000,0x00000000e7d80000)
  from space 12288K, 99% used [0x00000000e7d80000,0x00000000e897f148,0x00000000e8980000)
  to   space 16384K, 0% used [0x00000000eb500000,0x00000000eb500000,0x00000000ec500000)
 ParOldGen       total 45568K, used 25268K [0x00000000a0000000, 0x00000000a2c80000, 0x00000000e0000000)
  object space 45568K, 55% used [0x00000000a0000000,0x00000000a18ad0d0,0x00000000a2c80000)
 Metaspace       used 47700K, capacity 48972K, committed 49192K, reserved 1091584K
  class space    used 6335K, capacity 6611K, committed 6696K, reserved 1048576K
}
Event: 51.886 GC heap before
{Heap before GC invocations=14 (full 2):
 PSYoungGen      total 140800K, used 140796K [0x00000000e0000000, 0x00000000ec500000, 0x0000000100000000)
  eden space 128512K, 100% used [0x00000000e0000000,0x00000000e7d80000,0x00000000e7d80000)
  from space 12288K, 99% used [0x00000000e7d80000,0x00000000e897f148,0x00000000e8980000)
  to   space 16384K, 0% used [0x00000000eb500000,0x00000000eb500000,0x00000000ec500000)
 ParOldGen       total 45568K, used 25268K [0x00000000a0000000, 0x00000000a2c80000, 0x00000000e0000000)
  object space 45568K, 55% used [0x00000000a0000000,0x00000000a18ad0d0,0x00000000a2c80000)
 Metaspace       used 57258K, capacity 59096K, committed 59160K, reserved 1099776K
  class space    used 7697K, capacity 8091K, committed 8104K, reserved 1048576K
Event: 52.272 GC heap after
Heap after GC invocations=14 (full 2):
 PSYoungGen      total 183296K, used 13904K [0x00000000e0000000, 0x00000000ecc80000, 0x0000000100000000)
  eden space 166912K, 0% used [0x00000000e0000000,0x00000000e0000000,0x00000000ea300000)
  from space 16384K, 84% used [0x00000000eb500000,0x00000000ec294350,0x00000000ec500000)
  to   space 18432K, 0% used [0x00000000ea300000,0x00000000ea300000,0x00000000eb500000)
 ParOldGen       total 45568K, used 33020K [0x00000000a0000000, 0x00000000a2c80000, 0x00000000e0000000)
  object space 45568K, 72% used [0x00000000a0000000,0x00000000a203f248,0x00000000a2c80000)
 Metaspace       used 57258K, capacity 59096K, committed 59160K, reserved 1099776K
  class space    used 7697K, capacity 8091K, committed 8104K, reserved 1048576K
}
Event: 52.340 GC heap before
{Heap before GC invocations=15 (full 2):
 PSYoungGen      total 183296K, used 17164K [0x00000000e0000000, 0x00000000ecc80000, 0x0000000100000000)
  eden space 166912K, 1% used [0x00000000e0000000,0x00000000e032efa8,0x00000000ea300000)
  from space 16384K, 84% used [0x00000000eb500000,0x00000000ec294350,0x00000000ec500000)
  to   space 18432K, 0% used [0x00000000ea300000,0x00000000ea300000,0x00000000eb500000)
 ParOldGen       total 45568K, used 33020K [0x00000000a0000000, 0x00000000a2c80000, 0x00000000e0000000)
  object space 45568K, 72% used [0x00000000a0000000,0x00000000a203f248,0x00000000a2c80000)
 Metaspace       used 57269K, capacity 59096K, committed 59160K, reserved 1099776K
  class space    used 7699K, capacity 8091K, committed 8104K, reserved 1048576K

